<?xml version="1.0" encoding="UTF-8"?>
<!-- Generated by org.testng.reporters.JUnitXMLReporter -->
<testsuite hostname="LTUS43208" ignored="103" name="Firefox" tests="104" failures="48" timestamp="03 Dec 2017 19:12:45 GMT" time="1726.657" errors="0">
  <testcase name="TwitterTags" time="28.79" classname="com.nbcd.Test.TCShowHomePage_043VerifyTwitterTags"/>
  <testcase name="FB_SNLTags" time="32.213" classname="com.nbcd.Test.TCShowHomePage_043VerifyFaceBook_SNLTags"/>
  <testcase name="VerifyFilter" time="17.181" classname="com.nbcd.Test.TCShowHomePage_Verify_Filter">
    <failure type="java.lang.NullPointerException">
      <![CDATA[java.lang.NullPointerException
	at com.nbcd.Pages.PGShowHomePage_VerifyFilter.VerifyFilter(PGShowHomePage_VerifyFilter.java:59)
	at com.nbcd.Test.TCShowHomePage_Verify_Filter.VerifyFilter(TCShowHomePage_Verify_Filter.java:13)
	at java.util.concurrent.ThreadPoolExecutor.runWorker(ThreadPoolExecutor.java:1142)
	at java.util.concurrent.ThreadPoolExecutor$Worker.run(ThreadPoolExecutor.java:617)
	at java.lang.Thread.run(Thread.java:745)
... Removed 10 stack frames]]>
    </failure>
  </testcase> <!-- VerifyFilter -->
  <testcase name="metaTags" time="33.846" classname="com.nbcd.Test.TCShowHomePage_VerifymetaTags"/>
  <testcase name="Verify_Display_Ad" time="82.9" classname="com.nbcd.Test.TCShowHomePage_VerifyThe300x250_Display_Ad"/>
  <testcase name="Verify_Show_Name" time="21.23" classname="com.nbcd.Test.TCShowHomePage_Verify_Show_Name"/>
  <testcase name="Verify_Dynamic_Lead_Slide" time="18.176" classname="com.nbcd.Test.TCShowHomePage_Verify_Dynamic_Lead_Slide"/>
  <testcase name="Verify_About_The_Show" time="25.76" classname="com.nbcd.Test.TCShowHomePage_Verify_About_The_Show"/>
  <testcase name="Verify_Ad_Banner" time="24.104" classname="com.nbcd.Test.TCShowHomePage_Verify_Ad_Banner"/>
  <testcase name="Verify_300_250_Display_Ad" time="21.882" classname="com.nbcd.Test.TCShowHomePage_Verify_300_250_Display_Ad"/>
  <testcase name="Verify_Latest_Clips_Section" time="115.255" classname="com.nbcd.Test.TCShowHomePage_Verify_Latest_Clips_Section"/>
  <testcase name="Verify_full_Episode_section" time="104.164" classname="com.nbcd.Test.TCShowHomePage_Verify_full_Episode_section"/>
  <testcase name="Verify_Add_Guest_Schedule" time="35.137" classname="com.nbcd.Test.TCShowHomePage_Verify_Add_Guest_Schedule"/>
  <testcase name="Verify_Description_Canonical" time="38.206" classname="com.nbcd.Test.TCShowHomePage_Verify_Description_Canonical"/>
  <testcase name="Verify_Responsive_Navigation_Bar" time="34.201" classname="com.nbcd.Test.TCShowHomePage_Verify_Responsive_Navigation_Bar"/>
  <testcase name="Verify_About_Section" time="26.402" classname="com.nbcd.Test.TCShowHomePage_Verify_About_Section"/>
  <testcase name="VerifySEOmetatags" time="27.586" classname="com.nbcd.Test.TCSchedulePage_VerifySEO"/>
  <testcase name="VerifyWatchLiveShow" time="33.756" classname="com.nbcd.Test.TCSchedulePage_Verify_Watch_Live_Now"/>
  <testcase name="Verify_visitSiteLink" time="29.052" classname="com.nbcd.Test.TCSchedulePage_Verify_visitSiteLink"/>
  <testcase name="TCSchedulePage_VerifySchedulePageTimeline" time="28.067" classname="com.nbcd.Test.TCSchedulePage_Verify_SchedulePage_Timeline"/>
  <testcase name="SchedulePage_Verify_Show_NameLink" time="74.76" classname="com.nbcd.Test.TCSchedulePage_Verify_Show_Name_Link"/>
  <testcase name="TCSchedulePage_Verify_Schedule_PageTitile" time="22.99" classname="com.nbcd.Test.TCSchedulePage_Verify_Schedule_Page_Titile"/>
  <testcase name="TCSchedulePage_Verify_Schedule_HeaderNavigation" time="19.579" classname="com.nbcd.Test.TCSchedulePage_Verify_Schedule_Header_Navigation"/>
  <testcase name="TCSchedulePage_Verify_Schedule_Section_Page" time="51.167" classname="com.nbcd.Test.TCSchedulePage_Verify_Schedule_Section"/>
  <testcase name="TCSchedulePage_Verify_Schedule_WhatsOnPage" time="41.309" classname="com.nbcd.Test.TCSchedulePage_Verify_Schedule_Whats_On_Page">
    <failure type="org.openqa.selenium.NoSuchWindowException" message="no such window: target window already closed
from unknown error: web view not found
  (Session info: chrome=58.0.3029.110)
  (Driver info: chromedriver=2.29.461591 (62ebf098771772160f391d75e589dc567915b233),platform=Windows NT 6.1.7601 SP1 x86_64) (WARNING: The server did not provide any stacktrace information)
Command duration or timeout: 0 milliseconds
Build info: version: &amp;apos;3.7.1&amp;apos;, revision: &amp;apos;8a0099a&amp;apos;, time: &amp;apos;2017-11-06T21:01:39.354Z&amp;apos;
System info: host: &amp;apos;LTUS43208&amp;apos;, ip: &amp;apos;192.168.1.66&amp;apos;, os.name: &amp;apos;Windows 7&amp;apos;, os.arch: &amp;apos;amd64&amp;apos;, os.version: &amp;apos;6.1&amp;apos;, java.version: &amp;apos;1.8.0_77&amp;apos;
Driver info: org.openqa.selenium.chrome.ChromeDriver
Capabilities {acceptSslCerts: true, applicationCacheEnabled: false, browserConnectionEnabled: false, browserName: chrome, chrome: {chromedriverVersion: 2.29.461591 (62ebf098771772..., userDataDir: C:\Users\490544\AppData\Loc...}, cssSelectorsEnabled: true, databaseEnabled: false, handlesAlerts: true, hasTouchScreen: false, javascriptEnabled: true, locationContextEnabled: true, mobileEmulationEnabled: false, nativeEvents: true, networkConnectionEnabled: false, pageLoadStrategy: normal, platform: XP, platformName: XP, rotatable: false, takesHeapSnapshot: true, takesScreenshot: true, unexpectedAlertBehaviour: , unhandledPromptBehavior: , version: 58.0.3029.110, webStorageEnabled: true}
Session ID: b937af97252ba9072eb2a6b5b402cea5">
      <![CDATA[org.openqa.selenium.NoSuchWindowException: no such window: target window already closed
from unknown error: web view not found
  (Session info: chrome=58.0.3029.110)
  (Driver info: chromedriver=2.29.461591 (62ebf098771772160f391d75e589dc567915b233),platform=Windows NT 6.1.7601 SP1 x86_64) (WARNING: The server did not provide any stacktrace information)
Command duration or timeout: 0 milliseconds
Build info: version: '3.7.1', revision: '8a0099a', time: '2017-11-06T21:01:39.354Z'
System info: host: 'LTUS43208', ip: '192.168.1.66', os.name: 'Windows 7', os.arch: 'amd64', os.version: '6.1', java.version: '1.8.0_77'
Driver info: org.openqa.selenium.chrome.ChromeDriver
Capabilities {acceptSslCerts: true, applicationCacheEnabled: false, browserConnectionEnabled: false, browserName: chrome, chrome: {chromedriverVersion: 2.29.461591 (62ebf098771772..., userDataDir: C:\Users\490544\AppData\Loc...}, cssSelectorsEnabled: true, databaseEnabled: false, handlesAlerts: true, hasTouchScreen: false, javascriptEnabled: true, locationContextEnabled: true, mobileEmulationEnabled: false, nativeEvents: true, networkConnectionEnabled: false, pageLoadStrategy: normal, platform: XP, platformName: XP, rotatable: false, takesHeapSnapshot: true, takesScreenshot: true, unexpectedAlertBehaviour: , unhandledPromptBehavior: , version: 58.0.3029.110, webStorageEnabled: true}
Session ID: b937af97252ba9072eb2a6b5b402cea5
	at org.openqa.selenium.remote.ErrorHandler.createThrowable(ErrorHandler.java:214)
	at org.openqa.selenium.remote.ErrorHandler.throwIfResponseFailed(ErrorHandler.java:166)
	at org.openqa.selenium.remote.http.JsonHttpResponseCodec.reconstructValue(JsonHttpResponseCodec.java:40)
	at org.openqa.selenium.remote.http.AbstractHttpResponseCodec.decode(AbstractHttpResponseCodec.java:80)
	at org.openqa.selenium.remote.http.AbstractHttpResponseCodec.decode(AbstractHttpResponseCodec.java:44)
	at org.openqa.selenium.remote.HttpCommandExecutor.execute(HttpCommandExecutor.java:164)
	at org.openqa.selenium.remote.service.DriverCommandExecutor.execute(DriverCommandExecutor.java:83)
	at org.openqa.selenium.remote.RemoteWebDriver.execute(RemoteWebDriver.java:600)
	at org.openqa.selenium.remote.RemoteWebDriver.execute(RemoteWebDriver.java:657)
	at org.openqa.selenium.remote.RemoteWebDriver.close(RemoteWebDriver.java:486)
	at com.nbcd.Pages.PGSchedulePage.Verify_Schedule_Page_Whats_On_Header(PGSchedulePage.java:1137)
	at com.nbcd.Test.TCSchedulePage_Verify_Schedule_Whats_On_Page.TCSchedulePage_Verify_Schedule_WhatsOnPage(TCSchedulePage_Verify_Schedule_Whats_On_Page.java:13)
	at java.util.concurrent.ThreadPoolExecutor.runWorker(ThreadPoolExecutor.java:1142)
	at java.util.concurrent.ThreadPoolExecutor$Worker.run(ThreadPoolExecutor.java:617)
	at java.lang.Thread.run(Thread.java:745)
... Removed 14 stack frames]]>
    </failure>
  </testcase> <!-- TCSchedulePage_Verify_Schedule_WhatsOnPage -->
  <testcase name="TCSchedulePage_Verify_Schedule_Loading_DataforDay" time="42.282" classname="com.nbcd.Test.TCSchedulePage_Verify_Schedule_Loading_Data_for_Day"/>
  <testcase name="TCSchedulePage_Verify_Schedule_Page_AppendUrl" time="89.952" classname="com.nbcd.Test.TCSchedulePage_Verify_Schedule_Page_Append_Url"/>
  <testcase name="TCSchedulePage_Verify_Schedule_Page_Watch_LiveShow" time="27.701" classname="com.nbcd.Test.TCSchedulePage_Verify_Schedule_Page_Watch_Live_Show"/>
  <testcase name="TCAllVideosPage_MetadataEnhancements" time="40.532" classname="com.nbcd.Test.TCAllVideosPage_Metadata_Enhancements"/>
  <testcase name="TCAllVideosPage_EpisodesSorted" time="39.615" classname="com.nbcd.Test.TCAllVideosPage_Episodes_Sorted"/>
  <testcase name="TCAllVideosPage_video_detailpage" time="34.234" classname="com.nbcd.Test.TCAllVideosPage_video_detail_page"/>
  <testcase name="TCAllVideosPage_video_Landing_Page" time="33.462" classname="com.nbcd.Test.TCAllVideosPage_All_Videos_Landing_Page"/>
  <testcase name="TCAllVideosPage_redirectrules" time="153.732" classname="com.nbcd.Test.TCAllVideosPage_redirect_rules"/>
  <testcase name="TCAllVideosPage_metatag" time="37.717" classname="com.nbcd.Test.TCAllVideosPage_Meta_tag"/>
  <testcase name="TCCreditLandingPage_Verify_Credit_Role_Character" time="48.428" classname="com.nbcd.Test.TCCreditLandingPage_Verify_Credit_Role_As_Character"/>
  <testcase name="TCCreditLandingPage_Verify_Credit_Role_Contestant" time="54.221" classname="com.nbcd.Test.TCCreditLandingPage_Verify_Credit_Role_As_Contestant"/>
  <testcase name="TCCreditDetailsPage_Verify_Credit_As_Character" time="37.179" classname="com.nbcd.Test.TCCreditDetailsPage_Verify_Credit_Role_As_Character"/>
  <testcase name="TCCreditLandingPage_Verify_Credit_Role_Coach" time="62.12" classname="com.nbcd.Test.TCCreditLandingPage_Verify_Credit_Role_As_Coach"/>
  <testcase name="VerifyGeneralBehaviour" time="0.015" classname="com.nbcd.Test.TCSearch_VerifyGeneralBehaviour">
    <failure type="java.lang.NullPointerException">
      <![CDATA[java.lang.NullPointerException
	at com.nbcd.Pages.PGSearch.VerifyGeneralBehaviour(PGSearch.java:65)
	at com.nbcd.Test.TCSearch_VerifyGeneralBehaviour.VerifyGeneralBehaviour(TCSearch_VerifyGeneralBehaviour.java:26)
	at java.util.concurrent.ThreadPoolExecutor.runWorker(ThreadPoolExecutor.java:1142)
	at java.util.concurrent.ThreadPoolExecutor$Worker.run(ThreadPoolExecutor.java:617)
	at java.lang.Thread.run(Thread.java:745)
... Removed 10 stack frames]]>
    </failure>
  </testcase> <!-- VerifyGeneralBehaviour -->
  <testcase name="VerifyErrMsgInvalidEmailId" time="22.987" classname="com.nbcd.Test.TCContactUsPage"/>
  <testcase name="VerifyGeneralAbilities" time="0.028" classname="com.nbcd.Test.TCSearchPageAbilities">
    <failure type="java.lang.IndexOutOfBoundsException" message="Index: 1, Size: 0">
      <![CDATA[java.lang.IndexOutOfBoundsException: Index: 1, Size: 0
	at java.util.ArrayList.rangeCheck(ArrayList.java:653)
	at java.util.ArrayList.get(ArrayList.java:429)
	at com.nbcd.Pages.PGSearch.VerifyGeneralAbilities(PGSearch.java:164)
	at com.nbcd.Test.TCSearchPageAbilities.VerifyGeneralAbilities(TCSearchPageAbilities.java:26)
	at java.util.concurrent.ThreadPoolExecutor.runWorker(ThreadPoolExecutor.java:1142)
	at java.util.concurrent.ThreadPoolExecutor$Worker.run(ThreadPoolExecutor.java:617)
	at java.lang.Thread.run(Thread.java:745)
... Removed 10 stack frames]]>
    </failure>
  </testcase> <!-- VerifyGeneralAbilities -->
  <testcase name="VerifySearchResults" time="0.008" classname="com.nbcd.Test.TCSearch_VerifySearchResults">
    <failure type="java.lang.NullPointerException">
      <![CDATA[java.lang.NullPointerException
	at com.nbcd.Pages.PGSearch.VerifySearchResults(PGSearch.java:248)
	at com.nbcd.Test.TCSearch_VerifySearchResults.VerifySearchResults(TCSearch_VerifySearchResults.java:26)
	at java.util.concurrent.ThreadPoolExecutor.runWorker(ThreadPoolExecutor.java:1142)
	at java.util.concurrent.ThreadPoolExecutor$Worker.run(ThreadPoolExecutor.java:617)
	at java.lang.Thread.run(Thread.java:745)
... Removed 10 stack frames]]>
    </failure>
  </testcase> <!-- VerifySearchResults -->
  <testcase name="VerifyPhotoDetails_Page" time="54.412" classname="com.nbcd.Test.TCPhotoDetailsPage"/>
  <testcase name="CreateContactUsRequest" time="16.881" classname="com.nbcd.Test.TCContactUsCreateRequest"/>
  <testcase name="CreateContactUsRequestIhaveFeedback" time="17.596" classname="com.nbcd.Test.TCCreateContactUsRequestIhaveFeedback"/>
  <testcase name="TCCreditDetailsPage_Verify_Credit_Role_Everyone" time="83.267" classname="com.nbcd.Test.TCCreditDetailsPage_Verify_Credit_Role_As_Everyone"/>
  <testcase name="VerifyAllShowPageFunctionality" time="0.042" classname="com.nbcd.Test.TCPGAllShowsPage_VerifyAllShowPageFunctionality">
    <failure type="java.lang.NullPointerException">
      <![CDATA[java.lang.NullPointerException
	at com.nbcd.Pages.PGAllShowsPage.VerifyAllShowPageFunctionality(PGAllShowsPage.java:59)
	at com.nbcd.Test.TCPGAllShowsPage_VerifyAllShowPageFunctionality.VerifyAllShowPageFunctionality(TCPGAllShowsPage_VerifyAllShowPageFunctionality.java:28)
	at java.util.concurrent.ThreadPoolExecutor.runWorker(ThreadPoolExecutor.java:1142)
	at java.util.concurrent.ThreadPoolExecutor$Worker.run(ThreadPoolExecutor.java:617)
	at java.lang.Thread.run(Thread.java:745)
... Removed 10 stack frames]]>
    </failure>
  </testcase> <!-- VerifyAllShowPageFunctionality -->
  <testcase name="VerifySelectTopicListItems" time="17.737" classname="com.nbcd.Test.TCContactVerifySelectTopicListItems"/>
  <testcase name="VerifyAllShowPageThrowback" time="0.014" classname="com.nbcd.Test.TCPGAllShowsPage_VerifyAllShowPageThrowback">
    <failure type="java.lang.NullPointerException">
      <![CDATA[java.lang.NullPointerException
	at com.nbcd.Pages.PGAllShowsPage.VerifyAllShowPageThrowback(PGAllShowsPage.java:302)
	at com.nbcd.Test.TCPGAllShowsPage_VerifyAllShowPageThrowback.VerifyAllShowPageThrowback(TCPGAllShowsPage_VerifyAllShowPageThrowback.java:29)
	at java.util.concurrent.ThreadPoolExecutor.runWorker(ThreadPoolExecutor.java:1142)
	at java.util.concurrent.ThreadPoolExecutor$Worker.run(ThreadPoolExecutor.java:617)
	at java.lang.Thread.run(Thread.java:745)
... Removed 10 stack frames]]>
    </failure>
  </testcase> <!-- VerifyAllShowPageThrowback -->
  <testcase name="MenuDetails" time="0.014" classname="com.nbcd.Test.TCPGLivePage_VerifyLivestreampageSupportedregion">
    <failure type="java.lang.NullPointerException">
      <![CDATA[java.lang.NullPointerException
	at com.nbcd.Pages.PGLivePage.VerifyLivestreampageSupportedregion(PGLivePage.java:73)
	at com.nbcd.Test.TCPGLivePage_VerifyLivestreampageSupportedregion.MenuDetails(TCPGLivePage_VerifyLivestreampageSupportedregion.java:24)
	at java.util.concurrent.ThreadPoolExecutor.runWorker(ThreadPoolExecutor.java:1142)
	at java.util.concurrent.ThreadPoolExecutor$Worker.run(ThreadPoolExecutor.java:617)
	at java.lang.Thread.run(Thread.java:745)
... Removed 10 stack frames]]>
    </failure>
  </testcase> <!-- MenuDetails -->
  <testcase name="VerifyAuthSuccessMsgMVPDNBCRESP_1754" time="0.016" classname="com.nbcd.Test.TCPGLivePage_VerifyAuthSuccessMsgMVPDNBCRESP_1754">
    <failure type="java.lang.NullPointerException">
      <![CDATA[java.lang.NullPointerException
	at com.nbcd.Pages.PGLivePage.VerifyAuthSuccessMsgMVPDNBCRESP_1754(PGLivePage.java:151)
	at com.nbcd.Test.TCPGLivePage_VerifyAuthSuccessMsgMVPDNBCRESP_1754.VerifyAuthSuccessMsgMVPDNBCRESP_1754(TCPGLivePage_VerifyAuthSuccessMsgMVPDNBCRESP_1754.java:27)
	at java.util.concurrent.ThreadPoolExecutor.runWorker(ThreadPoolExecutor.java:1142)
	at java.util.concurrent.ThreadPoolExecutor$Worker.run(ThreadPoolExecutor.java:617)
	at java.lang.Thread.run(Thread.java:745)
... Removed 10 stack frames]]>
    </failure>
  </testcase> <!-- VerifyAuthSuccessMsgMVPDNBCRESP_1754 -->
  <testcase name="VerifyAppsLandingPage" time="50.48" classname="com.nbcd.Test.TCAppsLandingPage_VerifyAppsLandingPage">
    <failure type="org.openqa.selenium.NoSuchSessionException" message="no such session
  (Driver info: chromedriver=2.29.461591 (62ebf098771772160f391d75e589dc567915b233),platform=Windows NT 6.1.7601 SP1 x86_64) (WARNING: The server did not provide any stacktrace information)
Command duration or timeout: 0 milliseconds
Build info: version: &amp;apos;3.7.1&amp;apos;, revision: &amp;apos;8a0099a&amp;apos;, time: &amp;apos;2017-11-06T21:01:39.354Z&amp;apos;
System info: host: &amp;apos;LTUS43208&amp;apos;, ip: &amp;apos;192.168.1.66&amp;apos;, os.name: &amp;apos;Windows 7&amp;apos;, os.arch: &amp;apos;amd64&amp;apos;, os.version: &amp;apos;6.1&amp;apos;, java.version: &amp;apos;1.8.0_77&amp;apos;
Driver info: org.openqa.selenium.chrome.ChromeDriver
Capabilities {acceptSslCerts: true, applicationCacheEnabled: false, browserConnectionEnabled: false, browserName: chrome, chrome: {chromedriverVersion: 2.29.461591 (62ebf098771772..., userDataDir: C:\Users\490544\AppData\Loc...}, cssSelectorsEnabled: true, databaseEnabled: false, handlesAlerts: true, hasTouchScreen: false, javascriptEnabled: true, locationContextEnabled: true, mobileEmulationEnabled: false, nativeEvents: true, networkConnectionEnabled: false, pageLoadStrategy: normal, platform: XP, platformName: XP, rotatable: false, takesHeapSnapshot: true, takesScreenshot: true, unexpectedAlertBehaviour: , unhandledPromptBehavior: , version: 58.0.3029.110, webStorageEnabled: true}
Session ID: 9e4dce8e49d634d5d1d7ec7f5f9461ff">
      <![CDATA[org.openqa.selenium.NoSuchSessionException: no such session
  (Driver info: chromedriver=2.29.461591 (62ebf098771772160f391d75e589dc567915b233),platform=Windows NT 6.1.7601 SP1 x86_64) (WARNING: The server did not provide any stacktrace information)
Command duration or timeout: 0 milliseconds
Build info: version: '3.7.1', revision: '8a0099a', time: '2017-11-06T21:01:39.354Z'
System info: host: 'LTUS43208', ip: '192.168.1.66', os.name: 'Windows 7', os.arch: 'amd64', os.version: '6.1', java.version: '1.8.0_77'
Driver info: org.openqa.selenium.chrome.ChromeDriver
Capabilities {acceptSslCerts: true, applicationCacheEnabled: false, browserConnectionEnabled: false, browserName: chrome, chrome: {chromedriverVersion: 2.29.461591 (62ebf098771772..., userDataDir: C:\Users\490544\AppData\Loc...}, cssSelectorsEnabled: true, databaseEnabled: false, handlesAlerts: true, hasTouchScreen: false, javascriptEnabled: true, locationContextEnabled: true, mobileEmulationEnabled: false, nativeEvents: true, networkConnectionEnabled: false, pageLoadStrategy: normal, platform: XP, platformName: XP, rotatable: false, takesHeapSnapshot: true, takesScreenshot: true, unexpectedAlertBehaviour: , unhandledPromptBehavior: , version: 58.0.3029.110, webStorageEnabled: true}
Session ID: 9e4dce8e49d634d5d1d7ec7f5f9461ff
	at org.openqa.selenium.remote.ErrorHandler.createThrowable(ErrorHandler.java:214)
	at org.openqa.selenium.remote.ErrorHandler.throwIfResponseFailed(ErrorHandler.java:166)
	at org.openqa.selenium.remote.http.JsonHttpResponseCodec.reconstructValue(JsonHttpResponseCodec.java:40)
	at org.openqa.selenium.remote.http.AbstractHttpResponseCodec.decode(AbstractHttpResponseCodec.java:80)
	at org.openqa.selenium.remote.http.AbstractHttpResponseCodec.decode(AbstractHttpResponseCodec.java:44)
	at org.openqa.selenium.remote.HttpCommandExecutor.execute(HttpCommandExecutor.java:164)
	at org.openqa.selenium.remote.service.DriverCommandExecutor.execute(DriverCommandExecutor.java:83)
	at org.openqa.selenium.remote.RemoteWebDriver.execute(RemoteWebDriver.java:600)
	at org.openqa.selenium.remote.RemoteWebDriver.execute(RemoteWebDriver.java:657)
	at org.openqa.selenium.remote.RemoteWebDriver.close(RemoteWebDriver.java:486)
	at com.nbcd.Pages.PGAppsLandingPage.VerifyAppsLandingPage(PGAppsLandingPage.java:352)
	at com.nbcd.Test.TCAppsLandingPage_VerifyAppsLandingPage.VerifyAppsLandingPage(TCAppsLandingPage_VerifyAppsLandingPage.java:25)
	at java.util.concurrent.ThreadPoolExecutor.runWorker(ThreadPoolExecutor.java:1142)
	at java.util.concurrent.ThreadPoolExecutor$Worker.run(ThreadPoolExecutor.java:617)
	at java.lang.Thread.run(Thread.java:745)
... Removed 14 stack frames]]>
    </failure>
  </testcase> <!-- VerifyAppsLandingPage -->
  <testcase name="VerifyAuthFrameDetails" time="146.025" classname="com.nbcd.Test.TCLivePage_VerifyAuthFrameDetails"/>
  <testcase name="VerifyPostSuccessMsgFadeOut" time="141.517" classname="com.nbcd.Test.TCLivePage_VerifyPostSuccessMsgFadeOut"/>
  <testcase name="VerifyMVPDListPicker" time="202.051" classname="com.nbcd.Test.TCLivePage_VerifyMVPDListPicker"/>
  <testcase name="VerifyNavigationLiveStreamNotAuthenticated" time="32.7" classname="com.nbcd.Test.TCLivePage_VerifyNavigationLiveStreamNotAuthenticated"/>
  <testcase name="VerifyExternalPageAuthFlowMVPD" time="151.841" classname="com.nbcd.Test.TCLivePage_VerifyExternalPageAuthFlowMVPD"/>
  <testcase name="VerifyAuthIFrameLayOutDirectTV" time="49.013" classname="com.nbcd.Test.TCLivePage_VerifyAuthIFrameLayOutDirectTV">
    <failure type="org.openqa.selenium.NoSuchSessionException" message="no such session
  (Driver info: chromedriver=2.29.461591 (62ebf098771772160f391d75e589dc567915b233),platform=Windows NT 6.1.7601 SP1 x86_64) (WARNING: The server did not provide any stacktrace information)
Command duration or timeout: 0 milliseconds
Build info: version: &amp;apos;3.7.1&amp;apos;, revision: &amp;apos;8a0099a&amp;apos;, time: &amp;apos;2017-11-06T21:01:39.354Z&amp;apos;
System info: host: &amp;apos;LTUS43208&amp;apos;, ip: &amp;apos;192.168.1.66&amp;apos;, os.name: &amp;apos;Windows 7&amp;apos;, os.arch: &amp;apos;amd64&amp;apos;, os.version: &amp;apos;6.1&amp;apos;, java.version: &amp;apos;1.8.0_77&amp;apos;
Driver info: org.openqa.selenium.chrome.ChromeDriver
Capabilities {acceptSslCerts: true, applicationCacheEnabled: false, browserConnectionEnabled: false, browserName: chrome, chrome: {chromedriverVersion: 2.29.461591 (62ebf098771772..., userDataDir: C:\Users\490544\AppData\Loc...}, cssSelectorsEnabled: true, databaseEnabled: false, handlesAlerts: true, hasTouchScreen: false, javascriptEnabled: true, locationContextEnabled: true, mobileEmulationEnabled: false, nativeEvents: true, networkConnectionEnabled: false, pageLoadStrategy: normal, platform: XP, platformName: XP, rotatable: false, takesHeapSnapshot: true, takesScreenshot: true, unexpectedAlertBehaviour: , unhandledPromptBehavior: , version: 58.0.3029.110, webStorageEnabled: true}
Session ID: 1f4d184448cf9d7cd3d5e7994ba691c5">
      <![CDATA[org.openqa.selenium.NoSuchSessionException: no such session
  (Driver info: chromedriver=2.29.461591 (62ebf098771772160f391d75e589dc567915b233),platform=Windows NT 6.1.7601 SP1 x86_64) (WARNING: The server did not provide any stacktrace information)
Command duration or timeout: 0 milliseconds
Build info: version: '3.7.1', revision: '8a0099a', time: '2017-11-06T21:01:39.354Z'
System info: host: 'LTUS43208', ip: '192.168.1.66', os.name: 'Windows 7', os.arch: 'amd64', os.version: '6.1', java.version: '1.8.0_77'
Driver info: org.openqa.selenium.chrome.ChromeDriver
Capabilities {acceptSslCerts: true, applicationCacheEnabled: false, browserConnectionEnabled: false, browserName: chrome, chrome: {chromedriverVersion: 2.29.461591 (62ebf098771772..., userDataDir: C:\Users\490544\AppData\Loc...}, cssSelectorsEnabled: true, databaseEnabled: false, handlesAlerts: true, hasTouchScreen: false, javascriptEnabled: true, locationContextEnabled: true, mobileEmulationEnabled: false, nativeEvents: true, networkConnectionEnabled: false, pageLoadStrategy: normal, platform: XP, platformName: XP, rotatable: false, takesHeapSnapshot: true, takesScreenshot: true, unexpectedAlertBehaviour: , unhandledPromptBehavior: , version: 58.0.3029.110, webStorageEnabled: true}
Session ID: 1f4d184448cf9d7cd3d5e7994ba691c5
	at org.openqa.selenium.remote.ErrorHandler.createThrowable(ErrorHandler.java:214)
	at org.openqa.selenium.remote.ErrorHandler.throwIfResponseFailed(ErrorHandler.java:166)
	at org.openqa.selenium.remote.http.JsonHttpResponseCodec.reconstructValue(JsonHttpResponseCodec.java:40)
	at org.openqa.selenium.remote.http.AbstractHttpResponseCodec.decode(AbstractHttpResponseCodec.java:80)
	at org.openqa.selenium.remote.http.AbstractHttpResponseCodec.decode(AbstractHttpResponseCodec.java:44)
	at org.openqa.selenium.remote.HttpCommandExecutor.execute(HttpCommandExecutor.java:164)
	at org.openqa.selenium.remote.service.DriverCommandExecutor.execute(DriverCommandExecutor.java:83)
	at org.openqa.selenium.remote.RemoteWebDriver.execute(RemoteWebDriver.java:600)
	at org.openqa.selenium.remote.RemoteWebDriver.execute(RemoteWebDriver.java:657)
	at org.openqa.selenium.remote.RemoteWebDriver.close(RemoteWebDriver.java:486)
	at com.nbcd.Pages.PGLivePage.VerifyAuthIFrameLayOutDirectTV(PGLivePage.java:1792)
	at com.nbcd.Test.TCLivePage_VerifyAuthIFrameLayOutDirectTV.VerifyAuthIFrameLayOutDirectTV(TCLivePage_VerifyAuthIFrameLayOutDirectTV.java:22)
	at java.util.concurrent.ThreadPoolExecutor.runWorker(ThreadPoolExecutor.java:1142)
	at java.util.concurrent.ThreadPoolExecutor$Worker.run(ThreadPoolExecutor.java:617)
	at java.lang.Thread.run(Thread.java:745)
... Removed 14 stack frames]]>
    </failure>
  </testcase> <!-- VerifyAuthIFrameLayOutDirectTV -->
  <testcase name="VerifyLiveStreamNavigationForLoggedUer" time="224.613" classname="com.nbcd.Test.TCLivePage_VerifyLiveStreamNavigationForLoggedUer"/>
  <testcase name="VerifyLiveStreamGeneralLayOut" time="157.112" classname="com.nbcd.Test.TCLivePage_VerifyLiveStreamGeneralLayOut">
    <failure type="org.openqa.selenium.NoSuchSessionException" message="no such session
  (Driver info: chromedriver=2.29.461591 (62ebf098771772160f391d75e589dc567915b233),platform=Windows NT 6.1.7601 SP1 x86_64) (WARNING: The server did not provide any stacktrace information)
Command duration or timeout: 0 milliseconds
Build info: version: &amp;apos;3.7.1&amp;apos;, revision: &amp;apos;8a0099a&amp;apos;, time: &amp;apos;2017-11-06T21:01:39.354Z&amp;apos;
System info: host: &amp;apos;LTUS43208&amp;apos;, ip: &amp;apos;192.168.1.66&amp;apos;, os.name: &amp;apos;Windows 7&amp;apos;, os.arch: &amp;apos;amd64&amp;apos;, os.version: &amp;apos;6.1&amp;apos;, java.version: &amp;apos;1.8.0_77&amp;apos;
Driver info: org.openqa.selenium.chrome.ChromeDriver
Capabilities {acceptSslCerts: true, applicationCacheEnabled: false, browserConnectionEnabled: false, browserName: chrome, chrome: {chromedriverVersion: 2.29.461591 (62ebf098771772..., userDataDir: C:\Users\490544\AppData\Loc...}, cssSelectorsEnabled: true, databaseEnabled: false, handlesAlerts: true, hasTouchScreen: false, javascriptEnabled: true, locationContextEnabled: true, mobileEmulationEnabled: false, nativeEvents: true, networkConnectionEnabled: false, pageLoadStrategy: normal, platform: XP, platformName: XP, rotatable: false, takesHeapSnapshot: true, takesScreenshot: true, unexpectedAlertBehaviour: , unhandledPromptBehavior: , version: 58.0.3029.110, webStorageEnabled: true}
Session ID: 31ea58420b5630da6393eb522a065e12">
      <![CDATA[org.openqa.selenium.NoSuchSessionException: no such session
  (Driver info: chromedriver=2.29.461591 (62ebf098771772160f391d75e589dc567915b233),platform=Windows NT 6.1.7601 SP1 x86_64) (WARNING: The server did not provide any stacktrace information)
Command duration or timeout: 0 milliseconds
Build info: version: '3.7.1', revision: '8a0099a', time: '2017-11-06T21:01:39.354Z'
System info: host: 'LTUS43208', ip: '192.168.1.66', os.name: 'Windows 7', os.arch: 'amd64', os.version: '6.1', java.version: '1.8.0_77'
Driver info: org.openqa.selenium.chrome.ChromeDriver
Capabilities {acceptSslCerts: true, applicationCacheEnabled: false, browserConnectionEnabled: false, browserName: chrome, chrome: {chromedriverVersion: 2.29.461591 (62ebf098771772..., userDataDir: C:\Users\490544\AppData\Loc...}, cssSelectorsEnabled: true, databaseEnabled: false, handlesAlerts: true, hasTouchScreen: false, javascriptEnabled: true, locationContextEnabled: true, mobileEmulationEnabled: false, nativeEvents: true, networkConnectionEnabled: false, pageLoadStrategy: normal, platform: XP, platformName: XP, rotatable: false, takesHeapSnapshot: true, takesScreenshot: true, unexpectedAlertBehaviour: , unhandledPromptBehavior: , version: 58.0.3029.110, webStorageEnabled: true}
Session ID: 31ea58420b5630da6393eb522a065e12
	at org.openqa.selenium.remote.ErrorHandler.createThrowable(ErrorHandler.java:214)
	at org.openqa.selenium.remote.ErrorHandler.throwIfResponseFailed(ErrorHandler.java:166)
	at org.openqa.selenium.remote.http.JsonHttpResponseCodec.reconstructValue(JsonHttpResponseCodec.java:40)
	at org.openqa.selenium.remote.http.AbstractHttpResponseCodec.decode(AbstractHttpResponseCodec.java:80)
	at org.openqa.selenium.remote.http.AbstractHttpResponseCodec.decode(AbstractHttpResponseCodec.java:44)
	at org.openqa.selenium.remote.HttpCommandExecutor.execute(HttpCommandExecutor.java:164)
	at org.openqa.selenium.remote.service.DriverCommandExecutor.execute(DriverCommandExecutor.java:83)
	at org.openqa.selenium.remote.RemoteWebDriver.execute(RemoteWebDriver.java:600)
	at org.openqa.selenium.remote.RemoteWebDriver.execute(RemoteWebDriver.java:657)
	at org.openqa.selenium.remote.RemoteWebDriver.close(RemoteWebDriver.java:486)
	at com.nbcd.Pages.PGLivePage.VerifyLiveStreamGeneralLayOut(PGLivePage.java:1623)
	at com.nbcd.Test.TCLivePage_VerifyLiveStreamGeneralLayOut.VerifyLiveStreamGeneralLayOut(TCLivePage_VerifyLiveStreamGeneralLayOut.java:23)
	at java.util.concurrent.ThreadPoolExecutor.runWorker(ThreadPoolExecutor.java:1142)
	at java.util.concurrent.ThreadPoolExecutor$Worker.run(ThreadPoolExecutor.java:617)
	at java.lang.Thread.run(Thread.java:745)
... Removed 14 stack frames]]>
    </failure>
  </testcase> <!-- VerifyLiveStreamGeneralLayOut -->
  <testcase name="VerifyScrollSizeForVODPage" time="56.232" classname="com.nbcd.Test.TCLivePage_VerifyScrollSizeForVODPage"/>
  <testcase name="VerifyFullListViewLayOut" time="102.757" classname="com.nbcd.Test.TCLivePage_VerifyFullListViewLayOut"/>
  <testcase name="VerifyFullListViewLayOutVOD" time="64.965" classname="com.nbcd.Test.TCLivePage_VerifyFullListViewLayOutVOD"/>
  <testcase name="VerifyInvalidAndValidData" time="27.231" classname="com.nbcd.Test.TCActivationPage_VerifyInvalidAndValidData"/>
  <testcase name="VerifyOneResultEnterButton" time="65.769" classname="com.nbcd.Test.TCLivePage_VerifyOneResultEnterButton"/>
  <testcase name="VerifyGeneralLayout" time="41.749" classname="com.nbcd.Test.TCActivationPage_VerifyGeneralLayout"/>
  <testcase name="VerifyErrorMessageInvalidcode" time="27.764" classname="com.nbcd.Test.TCActivationPage_VerifyErrorMessageInvalidcode"/>
  <testcase name="VerifyVideoDetailPageOpened" time="0.035" classname="com.nbcd.Test.TCShowVideoDetailPage_VerifyVideoDetailPageOpened">
    <failure type="java.lang.NullPointerException">
      <![CDATA[java.lang.NullPointerException
	at com.nbcd.Pages.PGShowVideoDetailPage.VerifyVideoDetailPageOpened(PGShowVideoDetailPage.java:68)
	at com.nbcd.Test.TCShowVideoDetailPage_VerifyVideoDetailPageOpened.VerifyVideoDetailPageOpened(TCShowVideoDetailPage_VerifyVideoDetailPageOpened.java:27)
	at java.util.concurrent.ThreadPoolExecutor.runWorker(ThreadPoolExecutor.java:1142)
	at java.util.concurrent.ThreadPoolExecutor$Worker.run(ThreadPoolExecutor.java:617)
	at java.lang.Thread.run(Thread.java:745)
... Removed 10 stack frames]]>
    </failure>
  </testcase> <!-- VerifyVideoDetailPageOpened -->
  <testcase name="VerifyMetatagsmartlink" time="0.013" classname="com.nbcd.Test.TCShowVideoDetailPage_VerifyMetatagsmartlink">
    <failure type="java.lang.NullPointerException">
      <![CDATA[java.lang.NullPointerException
	at com.nbcd.Pages.PGShowVideoDetailPage.VerifyMetatagsmartlink(PGShowVideoDetailPage.java:233)
	at com.nbcd.Test.TCShowVideoDetailPage_VerifyMetatagsmartlink.VerifyMetatagsmartlink(TCShowVideoDetailPage_VerifyMetatagsmartlink.java:27)
	at java.util.concurrent.ThreadPoolExecutor.runWorker(ThreadPoolExecutor.java:1142)
	at java.util.concurrent.ThreadPoolExecutor$Worker.run(ThreadPoolExecutor.java:617)
	at java.lang.Thread.run(Thread.java:745)
... Removed 10 stack frames]]>
    </failure>
  </testcase> <!-- VerifyMetatagsmartlink -->
  <testcase name="VerifySNLEpisode" time="0.058" classname="com.nbcd.Test.TCShowVideoDetailPage_VerifySNLEpisode">
    <failure type="java.lang.NullPointerException">
      <![CDATA[java.lang.NullPointerException
	at com.nbcd.Pages.PGShowVideoDetailPage.VerifySNLEpisode(PGShowVideoDetailPage.java:294)
	at com.nbcd.Test.TCShowVideoDetailPage_VerifySNLEpisode.VerifySNLEpisode(TCShowVideoDetailPage_VerifySNLEpisode.java:29)
	at java.util.concurrent.ThreadPoolExecutor.runWorker(ThreadPoolExecutor.java:1142)
	at java.util.concurrent.ThreadPoolExecutor$Worker.run(ThreadPoolExecutor.java:617)
	at java.lang.Thread.run(Thread.java:745)
... Removed 10 stack frames]]>
    </failure>
  </testcase> <!-- VerifySNLEpisode -->
  <testcase name="VerifyEarliestairdatetolatestairdate" time="0.02" classname="com.nbcd.Test.TCShowVideoDetailPage_VerifyEarliestairdatetolatestairdate">
    <failure type="java.lang.NullPointerException">
      <![CDATA[java.lang.NullPointerException
	at com.nbcd.Pages.PGShowVideoDetailPage.VerifyEarliestairdatetolatestairdate(PGShowVideoDetailPage.java:364)
	at com.nbcd.Test.TCShowVideoDetailPage_VerifyEarliestairdatetolatestairdate.VerifyEarliestairdatetolatestairdate(TCShowVideoDetailPage_VerifyEarliestairdatetolatestairdate.java:26)
	at java.util.concurrent.ThreadPoolExecutor.runWorker(ThreadPoolExecutor.java:1142)
	at java.util.concurrent.ThreadPoolExecutor$Worker.run(ThreadPoolExecutor.java:617)
	at java.lang.Thread.run(Thread.java:745)
... Removed 10 stack frames]]>
    </failure>
  </testcase> <!-- VerifyEarliestairdatetolatestairdate -->
  <testcase name="LoadButtonNextSixVideos" time="0.023" classname="com.nbcd.Test.TCShowVideoDetailPage_LoadButtonNextSixVideos">
    <failure type="java.lang.NullPointerException">
      <![CDATA[java.lang.NullPointerException
	at com.nbcd.Pages.PGShowVideoDetailPage.LoadButtonNextSixVideos(PGShowVideoDetailPage.java:654)
	at com.nbcd.Test.TCShowVideoDetailPage_LoadButtonNextSixVideos.LoadButtonNextSixVideos(TCShowVideoDetailPage_LoadButtonNextSixVideos.java:26)
	at java.util.concurrent.ThreadPoolExecutor.runWorker(ThreadPoolExecutor.java:1142)
	at java.util.concurrent.ThreadPoolExecutor$Worker.run(ThreadPoolExecutor.java:617)
	at java.lang.Thread.run(Thread.java:745)
... Removed 10 stack frames]]>
    </failure>
  </testcase> <!-- LoadButtonNextSixVideos -->
  <testcase name="VerifyURLPathingRoutingactivation" time="53.319" classname="com.nbcd.Test.TCActivationPage_VerifyURLPathingRoutingactivation"/>
  <testcase name="VerifyOGTagForURLVideoDetail" time="0.019" classname="com.nbcd.Test.TCShowVideoDetailPage_VerifyOGTagForURLVideoDetail">
    <failure type="java.lang.NullPointerException">
      <![CDATA[java.lang.NullPointerException
	at com.nbcd.Pages.PGShowVideoDetailPage.VerifyOGTagForURLVideoDetail(PGShowVideoDetailPage.java:826)
	at com.nbcd.Test.TCShowVideoDetailPage_VerifyOGTagForURLVideoDetail.VerifyOGTagForURLVideoDetail(TCShowVideoDetailPage_VerifyOGTagForURLVideoDetail.java:27)
	at java.util.concurrent.ThreadPoolExecutor.runWorker(ThreadPoolExecutor.java:1142)
	at java.util.concurrent.ThreadPoolExecutor$Worker.run(ThreadPoolExecutor.java:617)
	at java.lang.Thread.run(Thread.java:745)
... Removed 10 stack frames]]>
    </failure>
  </testcase> <!-- VerifyOGTagForURLVideoDetail -->
  <testcase name="VerifyAppearingSectionVideo" time="0.018" classname="com.nbcd.Test.TCShowVideoDetailPage_VerifyAppearingSectionVideo">
    <failure type="java.lang.NullPointerException">
      <![CDATA[java.lang.NullPointerException
	at com.nbcd.Pages.PGShowVideoDetailPage.VerifyAppearingSectionVideo(PGShowVideoDetailPage.java:902)
	at com.nbcd.Test.TCShowVideoDetailPage_VerifyAppearingSectionVideo.VerifyAppearingSectionVideo(TCShowVideoDetailPage_VerifyAppearingSectionVideo.java:27)
	at java.util.concurrent.ThreadPoolExecutor.runWorker(ThreadPoolExecutor.java:1142)
	at java.util.concurrent.ThreadPoolExecutor$Worker.run(ThreadPoolExecutor.java:617)
	at java.lang.Thread.run(Thread.java:745)
... Removed 10 stack frames]]>
    </failure>
  </testcase> <!-- VerifyAppearingSectionVideo -->
  <testcase name="VerifyMetadataENoEpisodeClip" time="0.015" classname="com.nbcd.Test.TCShowVideoDetailPage_VerifyMetadataENoEpisodeClip">
    <failure type="java.lang.NullPointerException">
      <![CDATA[java.lang.NullPointerException
	at com.nbcd.Pages.PGShowVideoDetailPage.VerifyMetadataENoEpisodeClip(PGShowVideoDetailPage.java:1028)
	at com.nbcd.Test.TCShowVideoDetailPage_VerifyMetadataENoEpisodeClip.VerifyMetadataENoEpisodeClip(TCShowVideoDetailPage_VerifyMetadataENoEpisodeClip.java:28)
	at java.util.concurrent.ThreadPoolExecutor.runWorker(ThreadPoolExecutor.java:1142)
	at java.util.concurrent.ThreadPoolExecutor$Worker.run(ThreadPoolExecutor.java:617)
	at java.lang.Thread.run(Thread.java:745)
... Removed 10 stack frames]]>
    </failure>
  </testcase> <!-- VerifyMetadataENoEpisodeClip -->
  <testcase name="VerifyMetaDataCopyrightInfoDisplay" time="0.024" classname="com.nbcd.Test.TCShowVideoDetailPage_VerifyMetaDataCopyrightInfoDisplay">
    <failure type="java.lang.NullPointerException">
      <![CDATA[java.lang.NullPointerException
	at com.nbcd.Pages.PGShowVideoDetailPage.VerifyMetaDataCopyrightInfoDisplay(PGShowVideoDetailPage.java:1145)
	at com.nbcd.Test.TCShowVideoDetailPage_VerifyMetaDataCopyrightInfoDisplay.VerifyMetaDataCopyrightInfoDisplay(TCShowVideoDetailPage_VerifyMetaDataCopyrightInfoDisplay.java:26)
	at java.util.concurrent.ThreadPoolExecutor.runWorker(ThreadPoolExecutor.java:1142)
	at java.util.concurrent.ThreadPoolExecutor$Worker.run(ThreadPoolExecutor.java:617)
	at java.lang.Thread.run(Thread.java:745)
... Removed 10 stack frames]]>
    </failure>
  </testcase> <!-- VerifyMetaDataCopyrightInfoDisplay -->
  <testcase name="VerifySeasonsSortingforClassicVideos" time="0.012" classname="com.nbcd.Test.TCShowVideoDetailPage_VerifySeasonsSortingforClassicVideos">
    <failure type="java.lang.NullPointerException">
      <![CDATA[java.lang.NullPointerException
	at com.nbcd.Pages.PGShowVideoDetailPage.VerifySeasonsSortingforClassicVideos(PGShowVideoDetailPage.java:1257)
	at com.nbcd.Test.TCShowVideoDetailPage_VerifySeasonsSortingforClassicVideos.VerifySeasonsSortingforClassicVideos(TCShowVideoDetailPage_VerifySeasonsSortingforClassicVideos.java:27)
	at java.util.concurrent.ThreadPoolExecutor.runWorker(ThreadPoolExecutor.java:1142)
	at java.util.concurrent.ThreadPoolExecutor$Worker.run(ThreadPoolExecutor.java:617)
	at java.lang.Thread.run(Thread.java:745)
... Removed 10 stack frames]]>
    </failure>
  </testcase> <!-- VerifySeasonsSortingforClassicVideos -->
  <testcase name="VerifyDisplayofShowsinAlphabeticalOrder" time="0.027" classname="com.nbcd.Test.TCShowVideoDetailPage_VerifyDisplayofShowsinAlphabeticalOrder">
    <failure type="java.lang.NullPointerException">
      <![CDATA[java.lang.NullPointerException
	at com.nbcd.Pages.PGShowVideoDetailPage.VerifyDisplayofShowsinAlphabeticalOrder(PGShowVideoDetailPage.java:1380)
	at com.nbcd.Test.TCShowVideoDetailPage_VerifyDisplayofShowsinAlphabeticalOrder.VerifyDisplayofShowsinAlphabeticalOrder(TCShowVideoDetailPage_VerifyDisplayofShowsinAlphabeticalOrder.java:26)
	at java.util.concurrent.ThreadPoolExecutor.runWorker(ThreadPoolExecutor.java:1142)
	at java.util.concurrent.ThreadPoolExecutor$Worker.run(ThreadPoolExecutor.java:617)
	at java.lang.Thread.run(Thread.java:745)
... Removed 10 stack frames]]>
    </failure>
  </testcase> <!-- VerifyDisplayofShowsinAlphabeticalOrder -->
  <testcase name="VerifyAuthKeyIcon" time="0.013" classname="com.nbcd.Test.TCShowVideoDetailPage_VerifyAuthKeyIcon">
    <failure type="java.lang.NullPointerException">
      <![CDATA[java.lang.NullPointerException
	at com.nbcd.Pages.PGShowVideoDetailPage.VerifyAuthKeyIcon(PGShowVideoDetailPage.java:1522)
	at com.nbcd.Test.TCShowVideoDetailPage_VerifyAuthKeyIcon.VerifyAuthKeyIcon(TCShowVideoDetailPage_VerifyAuthKeyIcon.java:27)
	at java.util.concurrent.ThreadPoolExecutor.runWorker(ThreadPoolExecutor.java:1142)
	at java.util.concurrent.ThreadPoolExecutor$Worker.run(ThreadPoolExecutor.java:617)
	at java.lang.Thread.run(Thread.java:745)
... Removed 10 stack frames]]>
    </failure>
  </testcase> <!-- VerifyAuthKeyIcon -->
  <testcase name="VerifyVideosSeasonlistSorting" time="94.699" classname="com.nbcd.Test.TCShowVideoDetailPage_VerifyVideosSeasonlistSorting">
    <failure type="org.openqa.selenium.NoSuchSessionException" message="no such session
  (Driver info: chromedriver=2.29.461591 (62ebf098771772160f391d75e589dc567915b233),platform=Windows NT 6.1.7601 SP1 x86_64) (WARNING: The server did not provide any stacktrace information)
Command duration or timeout: 0 milliseconds
Build info: version: &amp;apos;3.7.1&amp;apos;, revision: &amp;apos;8a0099a&amp;apos;, time: &amp;apos;2017-11-06T21:01:39.354Z&amp;apos;
System info: host: &amp;apos;LTUS43208&amp;apos;, ip: &amp;apos;192.168.1.66&amp;apos;, os.name: &amp;apos;Windows 7&amp;apos;, os.arch: &amp;apos;amd64&amp;apos;, os.version: &amp;apos;6.1&amp;apos;, java.version: &amp;apos;1.8.0_77&amp;apos;
Driver info: org.openqa.selenium.chrome.ChromeDriver
Capabilities {acceptSslCerts: true, applicationCacheEnabled: false, browserConnectionEnabled: false, browserName: chrome, chrome: {chromedriverVersion: 2.29.461591 (62ebf098771772..., userDataDir: C:\Users\490544\AppData\Loc...}, cssSelectorsEnabled: true, databaseEnabled: false, handlesAlerts: true, hasTouchScreen: false, javascriptEnabled: true, locationContextEnabled: true, mobileEmulationEnabled: false, nativeEvents: true, networkConnectionEnabled: false, pageLoadStrategy: normal, platform: XP, platformName: XP, rotatable: false, takesHeapSnapshot: true, takesScreenshot: true, unexpectedAlertBehaviour: , unhandledPromptBehavior: , version: 58.0.3029.110, webStorageEnabled: true}
Session ID: 95a6f82eccc8f712623481863d9fec95">
      <![CDATA[org.openqa.selenium.NoSuchSessionException: no such session
  (Driver info: chromedriver=2.29.461591 (62ebf098771772160f391d75e589dc567915b233),platform=Windows NT 6.1.7601 SP1 x86_64) (WARNING: The server did not provide any stacktrace information)
Command duration or timeout: 0 milliseconds
Build info: version: '3.7.1', revision: '8a0099a', time: '2017-11-06T21:01:39.354Z'
System info: host: 'LTUS43208', ip: '192.168.1.66', os.name: 'Windows 7', os.arch: 'amd64', os.version: '6.1', java.version: '1.8.0_77'
Driver info: org.openqa.selenium.chrome.ChromeDriver
Capabilities {acceptSslCerts: true, applicationCacheEnabled: false, browserConnectionEnabled: false, browserName: chrome, chrome: {chromedriverVersion: 2.29.461591 (62ebf098771772..., userDataDir: C:\Users\490544\AppData\Loc...}, cssSelectorsEnabled: true, databaseEnabled: false, handlesAlerts: true, hasTouchScreen: false, javascriptEnabled: true, locationContextEnabled: true, mobileEmulationEnabled: false, nativeEvents: true, networkConnectionEnabled: false, pageLoadStrategy: normal, platform: XP, platformName: XP, rotatable: false, takesHeapSnapshot: true, takesScreenshot: true, unexpectedAlertBehaviour: , unhandledPromptBehavior: , version: 58.0.3029.110, webStorageEnabled: true}
Session ID: 95a6f82eccc8f712623481863d9fec95
	at org.openqa.selenium.remote.ErrorHandler.createThrowable(ErrorHandler.java:214)
	at org.openqa.selenium.remote.ErrorHandler.throwIfResponseFailed(ErrorHandler.java:166)
	at org.openqa.selenium.remote.http.JsonHttpResponseCodec.reconstructValue(JsonHttpResponseCodec.java:40)
	at org.openqa.selenium.remote.http.AbstractHttpResponseCodec.decode(AbstractHttpResponseCodec.java:80)
	at org.openqa.selenium.remote.http.AbstractHttpResponseCodec.decode(AbstractHttpResponseCodec.java:44)
	at org.openqa.selenium.remote.HttpCommandExecutor.execute(HttpCommandExecutor.java:164)
	at org.openqa.selenium.remote.service.DriverCommandExecutor.execute(DriverCommandExecutor.java:83)
	at org.openqa.selenium.remote.RemoteWebDriver.execute(RemoteWebDriver.java:600)
	at org.openqa.selenium.remote.RemoteWebDriver.execute(RemoteWebDriver.java:657)
	at org.openqa.selenium.remote.RemoteWebDriver.close(RemoteWebDriver.java:486)
	at com.nbcd.Pages.PGShowVideoDetailPage.VerifyVideosSeasonlistSorting(PGShowVideoDetailPage.java:222)
	at com.nbcd.Test.TCShowVideoDetailPage_VerifyVideosSeasonlistSorting.VerifyVideosSeasonlistSorting(TCShowVideoDetailPage_VerifyVideosSeasonlistSorting.java:28)
	at java.util.concurrent.ThreadPoolExecutor.runWorker(ThreadPoolExecutor.java:1142)
	at java.util.concurrent.ThreadPoolExecutor$Worker.run(ThreadPoolExecutor.java:617)
	at java.lang.Thread.run(Thread.java:745)
... Removed 14 stack frames]]>
    </failure>
  </testcase> <!-- VerifyVideosSeasonlistSorting -->
  <testcase name="BodyAd" time="0.021" classname="com.nbcd.Test.TCShowInnerEpisode_BodyAd">
    <failure type="java.lang.IndexOutOfBoundsException" message="Index: 41, Size: 1">
      <![CDATA[java.lang.IndexOutOfBoundsException: Index: 41, Size: 1
	at java.util.ArrayList.rangeCheck(ArrayList.java:653)
	at java.util.ArrayList.get(ArrayList.java:429)
	at com.nbcd.Pages.PGShowInnerEpisodes.BodyAd(PGShowInnerEpisodes.java:58)
	at com.nbcd.Test.TCShowInnerEpisode_BodyAd.BodyAd(TCShowInnerEpisode_BodyAd.java:20)
	at java.util.concurrent.ThreadPoolExecutor.runWorker(ThreadPoolExecutor.java:1142)
	at java.util.concurrent.ThreadPoolExecutor$Worker.run(ThreadPoolExecutor.java:617)
	at java.lang.Thread.run(Thread.java:745)
... Removed 10 stack frames]]>
    </failure>
  </testcase> <!-- BodyAd -->
  <testcase name="RespNavBar" time="0.011" classname="com.nbcd.Test.TCShowInnerEpisode_RespNavBar">
    <failure type="java.lang.IndexOutOfBoundsException" message="Index: 41, Size: 1">
      <![CDATA[java.lang.IndexOutOfBoundsException: Index: 41, Size: 1
	at java.util.ArrayList.rangeCheck(ArrayList.java:653)
	at java.util.ArrayList.get(ArrayList.java:429)
	at com.nbcd.Pages.PGShowInnerEpisodes.RespNavBar(PGShowInnerEpisodes.java:101)
	at com.nbcd.Test.TCShowInnerEpisode_RespNavBar.RespNavBar(TCShowInnerEpisode_RespNavBar.java:17)
	at java.util.concurrent.ThreadPoolExecutor.runWorker(ThreadPoolExecutor.java:1142)
	at java.util.concurrent.ThreadPoolExecutor$Worker.run(ThreadPoolExecutor.java:617)
	at java.lang.Thread.run(Thread.java:745)
... Removed 10 stack frames]]>
    </failure>
  </testcase> <!-- RespNavBar -->
  <testcase name="LoadMore" time="0.014" classname="com.nbcd.Test.TCShowInnerEpisode_LoadMore">
    <failure type="java.lang.IndexOutOfBoundsException" message="Index: 41, Size: 1">
      <![CDATA[java.lang.IndexOutOfBoundsException: Index: 41, Size: 1
	at java.util.ArrayList.rangeCheck(ArrayList.java:653)
	at java.util.ArrayList.get(ArrayList.java:429)
	at com.nbcd.Pages.PGShowInnerEpisodes.LoadMore(PGShowInnerEpisodes.java:297)
	at com.nbcd.Test.TCShowInnerEpisode_LoadMore.LoadMore(TCShowInnerEpisode_LoadMore.java:19)
	at java.util.concurrent.ThreadPoolExecutor.runWorker(ThreadPoolExecutor.java:1142)
	at java.util.concurrent.ThreadPoolExecutor$Worker.run(ThreadPoolExecutor.java:617)
	at java.lang.Thread.run(Thread.java:745)
... Removed 10 stack frames]]>
    </failure>
  </testcase> <!-- LoadMore -->
  <testcase name="OgTweet" time="0.011" classname="com.nbcd.Test.TCShowInnerEpisode_OgTweet">
    <failure type="java.lang.IndexOutOfBoundsException" message="Index: 41, Size: 1">
      <![CDATA[java.lang.IndexOutOfBoundsException: Index: 41, Size: 1
	at java.util.ArrayList.rangeCheck(ArrayList.java:653)
	at java.util.ArrayList.get(ArrayList.java:429)
	at com.nbcd.Pages.PGShowInnerEpisodes.OgTweet(PGShowInnerEpisodes.java:345)
	at com.nbcd.Test.TCShowInnerEpisode_OgTweet.OgTweet(TCShowInnerEpisode_OgTweet.java:19)
	at java.util.concurrent.ThreadPoolExecutor.runWorker(ThreadPoolExecutor.java:1142)
	at java.util.concurrent.ThreadPoolExecutor$Worker.run(ThreadPoolExecutor.java:617)
	at java.lang.Thread.run(Thread.java:745)
... Removed 10 stack frames]]>
    </failure>
  </testcase> <!-- OgTweet -->
  <testcase name="titledescan" time="0.014" classname="com.nbcd.Test.TCShowInnerEpisode_titledescan">
    <failure type="java.lang.IndexOutOfBoundsException" message="Index: 41, Size: 1">
      <![CDATA[java.lang.IndexOutOfBoundsException: Index: 41, Size: 1
	at java.util.ArrayList.rangeCheck(ArrayList.java:653)
	at java.util.ArrayList.get(ArrayList.java:429)
	at com.nbcd.Pages.PGShowInnerEpisodes.titledescan(PGShowInnerEpisodes.java:479)
	at com.nbcd.Test.TCShowInnerEpisode_titledescan.titledescan(TCShowInnerEpisode_titledescan.java:19)
	at java.util.concurrent.ThreadPoolExecutor.runWorker(ThreadPoolExecutor.java:1142)
	at java.util.concurrent.ThreadPoolExecutor$Worker.run(ThreadPoolExecutor.java:617)
	at java.lang.Thread.run(Thread.java:745)
... Removed 10 stack frames]]>
    </failure>
  </testcase> <!-- titledescan -->
  <testcase name="applinks" time="0.011" classname="com.nbcd.Test.TCShowInnerEpisode_applinks">
    <failure type="java.lang.IndexOutOfBoundsException" message="Index: 41, Size: 1">
      <![CDATA[java.lang.IndexOutOfBoundsException: Index: 41, Size: 1
	at java.util.ArrayList.rangeCheck(ArrayList.java:653)
	at java.util.ArrayList.get(ArrayList.java:429)
	at com.nbcd.Pages.PGShowInnerEpisodes.applinks(PGShowInnerEpisodes.java:561)
	at com.nbcd.Test.TCShowInnerEpisode_applinks.applinks(TCShowInnerEpisode_applinks.java:21)
	at java.util.concurrent.ThreadPoolExecutor.runWorker(ThreadPoolExecutor.java:1142)
	at java.util.concurrent.ThreadPoolExecutor$Worker.run(ThreadPoolExecutor.java:617)
	at java.lang.Thread.run(Thread.java:745)
... Removed 10 stack frames]]>
    </failure>
  </testcase> <!-- applinks -->
  <testcase name="schemaorg" time="0.012" classname="com.nbcd.Test.TCShowInnerEpisode_schemaorgs">
    <failure type="java.lang.IndexOutOfBoundsException" message="Index: 41, Size: 1">
      <![CDATA[java.lang.IndexOutOfBoundsException: Index: 41, Size: 1
	at java.util.ArrayList.rangeCheck(ArrayList.java:653)
	at java.util.ArrayList.get(ArrayList.java:429)
	at com.nbcd.Pages.PGShowInnerEpisodes.schemaorg(PGShowInnerEpisodes.java:730)
	at com.nbcd.Test.TCShowInnerEpisode_schemaorgs.schemaorg(TCShowInnerEpisode_schemaorgs.java:18)
	at java.util.concurrent.ThreadPoolExecutor.runWorker(ThreadPoolExecutor.java:1142)
	at java.util.concurrent.ThreadPoolExecutor$Worker.run(ThreadPoolExecutor.java:617)
	at java.lang.Thread.run(Thread.java:745)
... Removed 10 stack frames]]>
    </failure>
  </testcase> <!-- schemaorg -->
  <testcase name="Seasonimagemeta" time="0.01" classname="com.nbcd.Test.TCShowInnerEpisode_Seasonimagemeta">
    <failure type="java.lang.IndexOutOfBoundsException" message="Index: 41, Size: 1">
      <![CDATA[java.lang.IndexOutOfBoundsException: Index: 41, Size: 1
	at java.util.ArrayList.rangeCheck(ArrayList.java:653)
	at java.util.ArrayList.get(ArrayList.java:429)
	at com.nbcd.Pages.PGShowInnerEpisodes.Seasonimagemeta(PGShowInnerEpisodes.java:148)
	at com.nbcd.Test.TCShowInnerEpisode_Seasonimagemeta.Seasonimagemeta(TCShowInnerEpisode_Seasonimagemeta.java:19)
	at java.util.concurrent.ThreadPoolExecutor.runWorker(ThreadPoolExecutor.java:1142)
	at java.util.concurrent.ThreadPoolExecutor$Worker.run(ThreadPoolExecutor.java:617)
	at java.lang.Thread.run(Thread.java:745)
... Removed 10 stack frames]]>
    </failure>
  </testcase> <!-- Seasonimagemeta -->
  <testcase name="eptitledescan" time="0.015" classname="com.nbcd.Test.TCShowInnerEpisode_eptitledescan">
    <failure type="java.lang.IndexOutOfBoundsException" message="Index: 41, Size: 1">
      <![CDATA[java.lang.IndexOutOfBoundsException: Index: 41, Size: 1
	at java.util.ArrayList.rangeCheck(ArrayList.java:653)
	at java.util.ArrayList.get(ArrayList.java:429)
	at com.nbcd.Pages.PGShowInnerEpisodes.eptitledescan(PGShowInnerEpisodes.java:814)
	at com.nbcd.Test.TCShowInnerEpisode_eptitledescan.eptitledescan(TCShowInnerEpisode_eptitledescan.java:20)
	at java.util.concurrent.ThreadPoolExecutor.runWorker(ThreadPoolExecutor.java:1142)
	at java.util.concurrent.ThreadPoolExecutor$Worker.run(ThreadPoolExecutor.java:617)
	at java.lang.Thread.run(Thread.java:745)
... Removed 10 stack frames]]>
    </failure>
  </testcase> <!-- eptitledescan -->
  <testcase name="seo" time="0.01" classname="com.nbcd.Test.TCShowInnerEpisode_seo">
    <failure type="java.lang.IndexOutOfBoundsException" message="Index: 41, Size: 1">
      <![CDATA[java.lang.IndexOutOfBoundsException: Index: 41, Size: 1
	at java.util.ArrayList.rangeCheck(ArrayList.java:653)
	at java.util.ArrayList.get(ArrayList.java:429)
	at com.nbcd.Pages.PGShowInnerEpisodes.seo(PGShowInnerEpisodes.java:909)
	at com.nbcd.Test.TCShowInnerEpisode_seo.seo(TCShowInnerEpisode_seo.java:19)
	at java.util.concurrent.ThreadPoolExecutor.runWorker(ThreadPoolExecutor.java:1142)
	at java.util.concurrent.ThreadPoolExecutor$Worker.run(ThreadPoolExecutor.java:617)
	at java.lang.Thread.run(Thread.java:745)
... Removed 10 stack frames]]>
    </failure>
  </testcase> <!-- seo -->
  <testcase name="ehsf" time="0.015" classname="com.nbcd.Test.TCShowInnerEpisode_ehsf">
    <failure type="java.lang.IndexOutOfBoundsException" message="Index: 41, Size: 1">
      <![CDATA[java.lang.IndexOutOfBoundsException: Index: 41, Size: 1
	at java.util.ArrayList.rangeCheck(ArrayList.java:653)
	at java.util.ArrayList.get(ArrayList.java:429)
	at com.nbcd.Pages.PGShowInnerEpisodes.ehsf(PGShowInnerEpisodes.java:981)
	at com.nbcd.Test.TCShowInnerEpisode_ehsf.ehsf(TCShowInnerEpisode_ehsf.java:20)
	at java.util.concurrent.ThreadPoolExecutor.runWorker(ThreadPoolExecutor.java:1142)
	at java.util.concurrent.ThreadPoolExecutor$Worker.run(ThreadPoolExecutor.java:617)
	at java.lang.Thread.run(Thread.java:745)
... Removed 10 stack frames]]>
    </failure>
  </testcase> <!-- ehsf -->
  <testcase name="availablenav" time="0.014" classname="com.nbcd.Test.TCShowInnerEpisode_availablenav">
    <failure type="java.lang.IndexOutOfBoundsException" message="Index: 41, Size: 1">
      <![CDATA[java.lang.IndexOutOfBoundsException: Index: 41, Size: 1
	at java.util.ArrayList.rangeCheck(ArrayList.java:653)
	at java.util.ArrayList.get(ArrayList.java:429)
	at com.nbcd.Pages.PGShowInnerEpisodes.availablenav(PGShowInnerEpisodes.java:1054)
	at com.nbcd.Test.TCShowInnerEpisode_availablenav.availablenav(TCShowInnerEpisode_availablenav.java:23)
	at java.util.concurrent.ThreadPoolExecutor.runWorker(ThreadPoolExecutor.java:1142)
	at java.util.concurrent.ThreadPoolExecutor$Worker.run(ThreadPoolExecutor.java:617)
	at java.lang.Thread.run(Thread.java:745)
... Removed 10 stack frames]]>
    </failure>
  </testcase> <!-- availablenav -->
  <testcase name="urlredirect" time="0.018" classname="com.nbcd.Test.TCShowInnerEpisode_urlredirect">
    <failure type="java.lang.IndexOutOfBoundsException" message="Index: 41, Size: 1">
      <![CDATA[java.lang.IndexOutOfBoundsException: Index: 41, Size: 1
	at java.util.ArrayList.rangeCheck(ArrayList.java:653)
	at java.util.ArrayList.get(ArrayList.java:429)
	at com.nbcd.Pages.PGShowInnerEpisodes.urlredirect(PGShowInnerEpisodes.java:1158)
	at com.nbcd.Test.TCShowInnerEpisode_urlredirect.urlredirect(TCShowInnerEpisode_urlredirect.java:18)
	at java.util.concurrent.ThreadPoolExecutor.runWorker(ThreadPoolExecutor.java:1142)
	at java.util.concurrent.ThreadPoolExecutor$Worker.run(ThreadPoolExecutor.java:617)
	at java.lang.Thread.run(Thread.java:745)
... Removed 10 stack frames]]>
    </failure>
  </testcase> <!-- urlredirect -->
  <testcase name="sorryvideo" time="0.013" classname="com.nbcd.Test.TCShowInnerEpisode_sorryvideo">
    <failure type="java.lang.IndexOutOfBoundsException" message="Index: 41, Size: 1">
      <![CDATA[java.lang.IndexOutOfBoundsException: Index: 41, Size: 1
	at java.util.ArrayList.rangeCheck(ArrayList.java:653)
	at java.util.ArrayList.get(ArrayList.java:429)
	at com.nbcd.Pages.PGShowInnerEpisodes.sorryvideo(PGShowInnerEpisodes.java:1206)
	at com.nbcd.Test.TCShowInnerEpisode_sorryvideo.sorryvideo(TCShowInnerEpisode_sorryvideo.java:19)
	at java.util.concurrent.ThreadPoolExecutor.runWorker(ThreadPoolExecutor.java:1142)
	at java.util.concurrent.ThreadPoolExecutor$Worker.run(ThreadPoolExecutor.java:617)
	at java.lang.Thread.run(Thread.java:745)
... Removed 10 stack frames]]>
    </failure>
  </testcase> <!-- sorryvideo -->
  <testcase name="Livepagetve" time="13.349" classname="com.nbcd.Test.TCTVE_Livepagetve">
    <failure type="org.openqa.selenium.NoSuchElementException" message="no such element: Unable to locate element: {&amp;quot;method&amp;quot;:&amp;quot;css selector&amp;quot;,&amp;quot;selector&amp;quot;:&amp;quot;input#rememberCheckboxId&amp;quot;}
  (Session info: chrome=58.0.3029.110)
  (Driver info: chromedriver=2.29.461591 (62ebf098771772160f391d75e589dc567915b233),platform=Windows NT 6.1.7601 SP1 x86_64) (WARNING: The server did not provide any stacktrace information)
Command duration or timeout: 0 milliseconds
For documentation on this error, please visit: http://seleniumhq.org/exceptions/no_such_element.html
Build info: version: &amp;apos;3.7.1&amp;apos;, revision: &amp;apos;8a0099a&amp;apos;, time: &amp;apos;2017-11-06T21:01:39.354Z&amp;apos;
System info: host: &amp;apos;LTUS43208&amp;apos;, ip: &amp;apos;192.168.1.66&amp;apos;, os.name: &amp;apos;Windows 7&amp;apos;, os.arch: &amp;apos;amd64&amp;apos;, os.version: &amp;apos;6.1&amp;apos;, java.version: &amp;apos;1.8.0_77&amp;apos;
Driver info: org.openqa.selenium.chrome.ChromeDriver
Capabilities {acceptSslCerts: true, applicationCacheEnabled: false, browserConnectionEnabled: false, browserName: chrome, chrome: {chromedriverVersion: 2.29.461591 (62ebf098771772..., userDataDir: C:\Users\490544\AppData\Loc...}, cssSelectorsEnabled: true, databaseEnabled: false, handlesAlerts: true, hasTouchScreen: false, javascriptEnabled: true, locationContextEnabled: true, mobileEmulationEnabled: false, nativeEvents: true, networkConnectionEnabled: false, pageLoadStrategy: normal, platform: XP, platformName: XP, rotatable: false, takesHeapSnapshot: true, takesScreenshot: true, unexpectedAlertBehaviour: , unhandledPromptBehavior: , version: 58.0.3029.110, webStorageEnabled: true}
Session ID: 8ce2aa650c0ffdbdcd8beb59c35f99ef
*** Element info: {Using=css selector, value=input#rememberCheckboxId}">
      <![CDATA[org.openqa.selenium.NoSuchElementException: no such element: Unable to locate element: {"method":"css selector","selector":"input#rememberCheckboxId"}
  (Session info: chrome=58.0.3029.110)
  (Driver info: chromedriver=2.29.461591 (62ebf098771772160f391d75e589dc567915b233),platform=Windows NT 6.1.7601 SP1 x86_64) (WARNING: The server did not provide any stacktrace information)
Command duration or timeout: 0 milliseconds
For documentation on this error, please visit: http://seleniumhq.org/exceptions/no_such_element.html
Build info: version: '3.7.1', revision: '8a0099a', time: '2017-11-06T21:01:39.354Z'
System info: host: 'LTUS43208', ip: '192.168.1.66', os.name: 'Windows 7', os.arch: 'amd64', os.version: '6.1', java.version: '1.8.0_77'
Driver info: org.openqa.selenium.chrome.ChromeDriver
Capabilities {acceptSslCerts: true, applicationCacheEnabled: false, browserConnectionEnabled: false, browserName: chrome, chrome: {chromedriverVersion: 2.29.461591 (62ebf098771772..., userDataDir: C:\Users\490544\AppData\Loc...}, cssSelectorsEnabled: true, databaseEnabled: false, handlesAlerts: true, hasTouchScreen: false, javascriptEnabled: true, locationContextEnabled: true, mobileEmulationEnabled: false, nativeEvents: true, networkConnectionEnabled: false, pageLoadStrategy: normal, platform: XP, platformName: XP, rotatable: false, takesHeapSnapshot: true, takesScreenshot: true, unexpectedAlertBehaviour: , unhandledPromptBehavior: , version: 58.0.3029.110, webStorageEnabled: true}
Session ID: 8ce2aa650c0ffdbdcd8beb59c35f99ef
*** Element info: {Using=css selector, value=input#rememberCheckboxId}
	at org.openqa.selenium.remote.ErrorHandler.createThrowable(ErrorHandler.java:214)
	at org.openqa.selenium.remote.ErrorHandler.throwIfResponseFailed(ErrorHandler.java:166)
	at org.openqa.selenium.remote.http.JsonHttpResponseCodec.reconstructValue(JsonHttpResponseCodec.java:40)
	at org.openqa.selenium.remote.http.AbstractHttpResponseCodec.decode(AbstractHttpResponseCodec.java:80)
	at org.openqa.selenium.remote.http.AbstractHttpResponseCodec.decode(AbstractHttpResponseCodec.java:44)
	at org.openqa.selenium.remote.HttpCommandExecutor.execute(HttpCommandExecutor.java:164)
	at org.openqa.selenium.remote.service.DriverCommandExecutor.execute(DriverCommandExecutor.java:83)
	at org.openqa.selenium.remote.RemoteWebDriver.execute(RemoteWebDriver.java:600)
	at org.openqa.selenium.remote.RemoteWebDriver.findElement(RemoteWebDriver.java:370)
	at org.openqa.selenium.remote.RemoteWebDriver.findElementByCssSelector(RemoteWebDriver.java:464)
	at org.openqa.selenium.By$ByCssSelector.findElement(By.java:430)
	at org.openqa.selenium.remote.RemoteWebDriver.findElement(RemoteWebDriver.java:362)
	at com.nbcd.GenericLib.Utilities.returnElement(Utilities.java:32)
	at com.nbcd.Pages.PGTVE.Livepagetve(PGTVE.java:604)
	at com.nbcd.Test.TCTVE_Livepagetve.Livepagetve(TCTVE_Livepagetve.java:18)
	at java.util.concurrent.ThreadPoolExecutor.runWorker(ThreadPoolExecutor.java:1142)
	at java.util.concurrent.ThreadPoolExecutor$Worker.run(ThreadPoolExecutor.java:617)
	at java.lang.Thread.run(Thread.java:745)
... Removed 13 stack frames]]>
    </failure>
  </testcase> <!-- Livepagetve -->
  <testcase name="VerifySucessPage" time="205.475" classname="com.nbcd.Test.TCActivationPage_VerifySucessPage">
    <failure type="org.openqa.selenium.NoSuchSessionException" message="no such session
  (Driver info: chromedriver=2.29.461591 (62ebf098771772160f391d75e589dc567915b233),platform=Windows NT 6.1.7601 SP1 x86_64) (WARNING: The server did not provide any stacktrace information)
Command duration or timeout: 0 milliseconds
Build info: version: &amp;apos;3.7.1&amp;apos;, revision: &amp;apos;8a0099a&amp;apos;, time: &amp;apos;2017-11-06T21:01:39.354Z&amp;apos;
System info: host: &amp;apos;LTUS43208&amp;apos;, ip: &amp;apos;192.168.1.66&amp;apos;, os.name: &amp;apos;Windows 7&amp;apos;, os.arch: &amp;apos;amd64&amp;apos;, os.version: &amp;apos;6.1&amp;apos;, java.version: &amp;apos;1.8.0_77&amp;apos;
Driver info: org.openqa.selenium.chrome.ChromeDriver
Capabilities {acceptSslCerts: true, applicationCacheEnabled: false, browserConnectionEnabled: false, browserName: chrome, chrome: {chromedriverVersion: 2.29.461591 (62ebf098771772..., userDataDir: C:\Users\490544\AppData\Loc...}, cssSelectorsEnabled: true, databaseEnabled: false, handlesAlerts: true, hasTouchScreen: false, javascriptEnabled: true, locationContextEnabled: true, mobileEmulationEnabled: false, nativeEvents: true, networkConnectionEnabled: false, pageLoadStrategy: normal, platform: XP, platformName: XP, rotatable: false, takesHeapSnapshot: true, takesScreenshot: true, unexpectedAlertBehaviour: , unhandledPromptBehavior: , version: 58.0.3029.110, webStorageEnabled: true}
Session ID: 3f5d4b34a688229a5db06153891a7731">
      <![CDATA[org.openqa.selenium.NoSuchSessionException: no such session
  (Driver info: chromedriver=2.29.461591 (62ebf098771772160f391d75e589dc567915b233),platform=Windows NT 6.1.7601 SP1 x86_64) (WARNING: The server did not provide any stacktrace information)
Command duration or timeout: 0 milliseconds
Build info: version: '3.7.1', revision: '8a0099a', time: '2017-11-06T21:01:39.354Z'
System info: host: 'LTUS43208', ip: '192.168.1.66', os.name: 'Windows 7', os.arch: 'amd64', os.version: '6.1', java.version: '1.8.0_77'
Driver info: org.openqa.selenium.chrome.ChromeDriver
Capabilities {acceptSslCerts: true, applicationCacheEnabled: false, browserConnectionEnabled: false, browserName: chrome, chrome: {chromedriverVersion: 2.29.461591 (62ebf098771772..., userDataDir: C:\Users\490544\AppData\Loc...}, cssSelectorsEnabled: true, databaseEnabled: false, handlesAlerts: true, hasTouchScreen: false, javascriptEnabled: true, locationContextEnabled: true, mobileEmulationEnabled: false, nativeEvents: true, networkConnectionEnabled: false, pageLoadStrategy: normal, platform: XP, platformName: XP, rotatable: false, takesHeapSnapshot: true, takesScreenshot: true, unexpectedAlertBehaviour: , unhandledPromptBehavior: , version: 58.0.3029.110, webStorageEnabled: true}
Session ID: 3f5d4b34a688229a5db06153891a7731
	at org.openqa.selenium.remote.ErrorHandler.createThrowable(ErrorHandler.java:214)
	at org.openqa.selenium.remote.ErrorHandler.throwIfResponseFailed(ErrorHandler.java:166)
	at org.openqa.selenium.remote.http.JsonHttpResponseCodec.reconstructValue(JsonHttpResponseCodec.java:40)
	at org.openqa.selenium.remote.http.AbstractHttpResponseCodec.decode(AbstractHttpResponseCodec.java:80)
	at org.openqa.selenium.remote.http.AbstractHttpResponseCodec.decode(AbstractHttpResponseCodec.java:44)
	at org.openqa.selenium.remote.HttpCommandExecutor.execute(HttpCommandExecutor.java:164)
	at org.openqa.selenium.remote.service.DriverCommandExecutor.execute(DriverCommandExecutor.java:83)
	at org.openqa.selenium.remote.RemoteWebDriver.execute(RemoteWebDriver.java:600)
	at org.openqa.selenium.remote.RemoteWebDriver.execute(RemoteWebDriver.java:657)
	at org.openqa.selenium.remote.RemoteWebDriver.close(RemoteWebDriver.java:486)
	at com.nbcd.Pages.PGActivationPage.VerifySucessPage(PGActivationPage.java:745)
	at com.nbcd.Test.TCActivationPage_VerifySucessPage.VerifySucessPage(TCActivationPage_VerifySucessPage.java:26)
	at java.util.concurrent.ThreadPoolExecutor.runWorker(ThreadPoolExecutor.java:1142)
	at java.util.concurrent.ThreadPoolExecutor$Worker.run(ThreadPoolExecutor.java:617)
	at java.lang.Thread.run(Thread.java:745)
... Removed 14 stack frames]]>
    </failure>
  </testcase> <!-- VerifySucessPage -->
  <testcase name="VerifyMVPDLogo" time="206.077" classname="com.nbcd.Test.TCShowVideoDetailPage_VerifyMVPDLogo">
    <failure type="org.openqa.selenium.NoSuchWindowException" message="no such window: target window already closed
from unknown error: web view not found
  (Session info: chrome=58.0.3029.110)
  (Driver info: chromedriver=2.29.461591 (62ebf098771772160f391d75e589dc567915b233),platform=Windows NT 6.1.7601 SP1 x86_64) (WARNING: The server did not provide any stacktrace information)
Command duration or timeout: 0 milliseconds
Build info: version: &amp;apos;3.7.1&amp;apos;, revision: &amp;apos;8a0099a&amp;apos;, time: &amp;apos;2017-11-06T21:01:39.354Z&amp;apos;
System info: host: &amp;apos;LTUS43208&amp;apos;, ip: &amp;apos;192.168.1.66&amp;apos;, os.name: &amp;apos;Windows 7&amp;apos;, os.arch: &amp;apos;amd64&amp;apos;, os.version: &amp;apos;6.1&amp;apos;, java.version: &amp;apos;1.8.0_77&amp;apos;
Driver info: org.openqa.selenium.chrome.ChromeDriver
Capabilities {acceptSslCerts: true, applicationCacheEnabled: false, browserConnectionEnabled: false, browserName: chrome, chrome: {chromedriverVersion: 2.29.461591 (62ebf098771772..., userDataDir: C:\Users\490544\AppData\Loc...}, cssSelectorsEnabled: true, databaseEnabled: false, handlesAlerts: true, hasTouchScreen: false, javascriptEnabled: true, locationContextEnabled: true, mobileEmulationEnabled: false, nativeEvents: true, networkConnectionEnabled: false, pageLoadStrategy: normal, platform: XP, platformName: XP, rotatable: false, takesHeapSnapshot: true, takesScreenshot: true, unexpectedAlertBehaviour: , unhandledPromptBehavior: , version: 58.0.3029.110, webStorageEnabled: true}
Session ID: e154161f651a52ad4b55084c70ccbe09">
      <![CDATA[org.openqa.selenium.NoSuchWindowException: no such window: target window already closed
from unknown error: web view not found
  (Session info: chrome=58.0.3029.110)
  (Driver info: chromedriver=2.29.461591 (62ebf098771772160f391d75e589dc567915b233),platform=Windows NT 6.1.7601 SP1 x86_64) (WARNING: The server did not provide any stacktrace information)
Command duration or timeout: 0 milliseconds
Build info: version: '3.7.1', revision: '8a0099a', time: '2017-11-06T21:01:39.354Z'
System info: host: 'LTUS43208', ip: '192.168.1.66', os.name: 'Windows 7', os.arch: 'amd64', os.version: '6.1', java.version: '1.8.0_77'
Driver info: org.openqa.selenium.chrome.ChromeDriver
Capabilities {acceptSslCerts: true, applicationCacheEnabled: false, browserConnectionEnabled: false, browserName: chrome, chrome: {chromedriverVersion: 2.29.461591 (62ebf098771772..., userDataDir: C:\Users\490544\AppData\Loc...}, cssSelectorsEnabled: true, databaseEnabled: false, handlesAlerts: true, hasTouchScreen: false, javascriptEnabled: true, locationContextEnabled: true, mobileEmulationEnabled: false, nativeEvents: true, networkConnectionEnabled: false, pageLoadStrategy: normal, platform: XP, platformName: XP, rotatable: false, takesHeapSnapshot: true, takesScreenshot: true, unexpectedAlertBehaviour: , unhandledPromptBehavior: , version: 58.0.3029.110, webStorageEnabled: true}
Session ID: e154161f651a52ad4b55084c70ccbe09
	at org.openqa.selenium.remote.ErrorHandler.createThrowable(ErrorHandler.java:214)
	at org.openqa.selenium.remote.ErrorHandler.throwIfResponseFailed(ErrorHandler.java:166)
	at org.openqa.selenium.remote.http.JsonHttpResponseCodec.reconstructValue(JsonHttpResponseCodec.java:40)
	at org.openqa.selenium.remote.http.AbstractHttpResponseCodec.decode(AbstractHttpResponseCodec.java:80)
	at org.openqa.selenium.remote.http.AbstractHttpResponseCodec.decode(AbstractHttpResponseCodec.java:44)
	at org.openqa.selenium.remote.HttpCommandExecutor.execute(HttpCommandExecutor.java:164)
	at org.openqa.selenium.remote.service.DriverCommandExecutor.execute(DriverCommandExecutor.java:83)
	at org.openqa.selenium.remote.RemoteWebDriver.execute(RemoteWebDriver.java:600)
	at org.openqa.selenium.remote.RemoteWebDriver.execute(RemoteWebDriver.java:657)
	at org.openqa.selenium.remote.RemoteWebDriver.close(RemoteWebDriver.java:486)
	at com.nbcd.Pages.PGShowVideoDetailPage.VerifyMVPDLogo(PGShowVideoDetailPage.java:643)
	at com.nbcd.Test.TCShowVideoDetailPage_VerifyMVPDLogo.VerifyMVPDLogo(TCShowVideoDetailPage_VerifyMVPDLogo.java:26)
	at java.util.concurrent.ThreadPoolExecutor.runWorker(ThreadPoolExecutor.java:1142)
	at java.util.concurrent.ThreadPoolExecutor$Worker.run(ThreadPoolExecutor.java:617)
	at java.lang.Thread.run(Thread.java:745)
... Removed 14 stack frames]]>
    </failure>
  </testcase> <!-- VerifyMVPDLogo -->
  <testcase name="Authvod" time="73.836" classname="com.nbcd.Test.TCTVE_AuthVod">
    <failure type="org.openqa.selenium.TimeoutException" message="Expected condition failed: waiting for url to contain &amp;quot;https://www.nbc.com/this-is-us&amp;quot;. Current url: &amp;quot;https://www.nbc.com/law-and-order-true-crime-menendez&amp;quot; (tried for 60 second(s) with 500 MILLISECONDS interval)
Build info: version: &amp;apos;3.7.1&amp;apos;, revision: &amp;apos;8a0099a&amp;apos;, time: &amp;apos;2017-11-06T21:01:39.354Z&amp;apos;
System info: host: &amp;apos;LTUS43208&amp;apos;, ip: &amp;apos;192.168.1.66&amp;apos;, os.name: &amp;apos;Windows 7&amp;apos;, os.arch: &amp;apos;amd64&amp;apos;, os.version: &amp;apos;6.1&amp;apos;, java.version: &amp;apos;1.8.0_77&amp;apos;
Driver info: org.openqa.selenium.chrome.ChromeDriver
Capabilities {acceptSslCerts: true, applicationCacheEnabled: false, browserConnectionEnabled: false, browserName: chrome, chrome: {chromedriverVersion: 2.29.461591 (62ebf098771772..., userDataDir: C:\Users\490544\AppData\Loc...}, cssSelectorsEnabled: true, databaseEnabled: false, handlesAlerts: true, hasTouchScreen: false, javascriptEnabled: true, locationContextEnabled: true, mobileEmulationEnabled: false, nativeEvents: true, networkConnectionEnabled: false, pageLoadStrategy: normal, platform: XP, platformName: XP, rotatable: false, takesHeapSnapshot: true, takesScreenshot: true, unexpectedAlertBehaviour: , unhandledPromptBehavior: , version: 58.0.3029.110, webStorageEnabled: true}
Session ID: 5a65b56ef65e602df8ca8ecc78418740">
      <![CDATA[org.openqa.selenium.TimeoutException: Expected condition failed: waiting for url to contain "https://www.nbc.com/this-is-us". Current url: "https://www.nbc.com/law-and-order-true-crime-menendez" (tried for 60 second(s) with 500 MILLISECONDS interval)
Build info: version: '3.7.1', revision: '8a0099a', time: '2017-11-06T21:01:39.354Z'
System info: host: 'LTUS43208', ip: '192.168.1.66', os.name: 'Windows 7', os.arch: 'amd64', os.version: '6.1', java.version: '1.8.0_77'
Driver info: org.openqa.selenium.chrome.ChromeDriver
Capabilities {acceptSslCerts: true, applicationCacheEnabled: false, browserConnectionEnabled: false, browserName: chrome, chrome: {chromedriverVersion: 2.29.461591 (62ebf098771772..., userDataDir: C:\Users\490544\AppData\Loc...}, cssSelectorsEnabled: true, databaseEnabled: false, handlesAlerts: true, hasTouchScreen: false, javascriptEnabled: true, locationContextEnabled: true, mobileEmulationEnabled: false, nativeEvents: true, networkConnectionEnabled: false, pageLoadStrategy: normal, platform: XP, platformName: XP, rotatable: false, takesHeapSnapshot: true, takesScreenshot: true, unexpectedAlertBehaviour: , unhandledPromptBehavior: , version: 58.0.3029.110, webStorageEnabled: true}
Session ID: 5a65b56ef65e602df8ca8ecc78418740
	at org.openqa.selenium.support.ui.WebDriverWait.timeoutException(WebDriverWait.java:82)
	at org.openqa.selenium.support.ui.FluentWait.until(FluentWait.java:231)
	at com.nbcd.Pages.PGTVE.Authvod(PGTVE.java:64)
	at com.nbcd.Test.TCTVE_AuthVod.Authvod(TCTVE_AuthVod.java:17)
	at java.util.concurrent.ThreadPoolExecutor.runWorker(ThreadPoolExecutor.java:1142)
	at java.util.concurrent.ThreadPoolExecutor$Worker.run(ThreadPoolExecutor.java:617)
	at java.lang.Thread.run(Thread.java:745)
... Removed 10 stack frames]]>
    </failure>
  </testcase> <!-- Authvod -->
  <testcase name="Global_BodyAd" time="47.095" classname="com.nbcd.Test.TCGlobalHomePage_BodyAd">
    <failure type="org.openqa.selenium.StaleElementReferenceException" message="stale element reference: element is not attached to the page document
  (Session info: chrome=58.0.3029.110)
  (Driver info: chromedriver=2.29.461591 (62ebf098771772160f391d75e589dc567915b233),platform=Windows NT 6.1.7601 SP1 x86_64) (WARNING: The server did not provide any stacktrace information)
Command duration or timeout: 0 milliseconds
For documentation on this error, please visit: http://seleniumhq.org/exceptions/stale_element_reference.html
Build info: version: &amp;apos;3.7.1&amp;apos;, revision: &amp;apos;8a0099a&amp;apos;, time: &amp;apos;2017-11-06T21:01:39.354Z&amp;apos;
System info: host: &amp;apos;LTUS43208&amp;apos;, ip: &amp;apos;192.168.1.66&amp;apos;, os.name: &amp;apos;Windows 7&amp;apos;, os.arch: &amp;apos;amd64&amp;apos;, os.version: &amp;apos;6.1&amp;apos;, java.version: &amp;apos;1.8.0_77&amp;apos;
Driver info: org.openqa.selenium.chrome.ChromeDriver
Capabilities {acceptSslCerts: true, applicationCacheEnabled: false, browserConnectionEnabled: false, browserName: chrome, chrome: {chromedriverVersion: 2.29.461591 (62ebf098771772..., userDataDir: C:\Users\490544\AppData\Loc...}, cssSelectorsEnabled: true, databaseEnabled: false, handlesAlerts: true, hasTouchScreen: false, javascriptEnabled: true, locationContextEnabled: true, mobileEmulationEnabled: false, nativeEvents: true, networkConnectionEnabled: false, pageLoadStrategy: normal, platform: XP, platformName: XP, rotatable: false, takesHeapSnapshot: true, takesScreenshot: true, unexpectedAlertBehaviour: , unhandledPromptBehavior: , version: 58.0.3029.110, webStorageEnabled: true}
Session ID: 08a1957f83cc3bd7d28cba748d517e84">
      <![CDATA[org.openqa.selenium.StaleElementReferenceException: stale element reference: element is not attached to the page document
  (Session info: chrome=58.0.3029.110)
  (Driver info: chromedriver=2.29.461591 (62ebf098771772160f391d75e589dc567915b233),platform=Windows NT 6.1.7601 SP1 x86_64) (WARNING: The server did not provide any stacktrace information)
Command duration or timeout: 0 milliseconds
For documentation on this error, please visit: http://seleniumhq.org/exceptions/stale_element_reference.html
Build info: version: '3.7.1', revision: '8a0099a', time: '2017-11-06T21:01:39.354Z'
System info: host: 'LTUS43208', ip: '192.168.1.66', os.name: 'Windows 7', os.arch: 'amd64', os.version: '6.1', java.version: '1.8.0_77'
Driver info: org.openqa.selenium.chrome.ChromeDriver
Capabilities {acceptSslCerts: true, applicationCacheEnabled: false, browserConnectionEnabled: false, browserName: chrome, chrome: {chromedriverVersion: 2.29.461591 (62ebf098771772..., userDataDir: C:\Users\490544\AppData\Loc...}, cssSelectorsEnabled: true, databaseEnabled: false, handlesAlerts: true, hasTouchScreen: false, javascriptEnabled: true, locationContextEnabled: true, mobileEmulationEnabled: false, nativeEvents: true, networkConnectionEnabled: false, pageLoadStrategy: normal, platform: XP, platformName: XP, rotatable: false, takesHeapSnapshot: true, takesScreenshot: true, unexpectedAlertBehaviour: , unhandledPromptBehavior: , version: 58.0.3029.110, webStorageEnabled: true}
Session ID: 08a1957f83cc3bd7d28cba748d517e84
	at org.openqa.selenium.remote.ErrorHandler.createThrowable(ErrorHandler.java:214)
	at org.openqa.selenium.remote.ErrorHandler.throwIfResponseFailed(ErrorHandler.java:166)
	at org.openqa.selenium.remote.http.JsonHttpResponseCodec.reconstructValue(JsonHttpResponseCodec.java:40)
	at org.openqa.selenium.remote.http.AbstractHttpResponseCodec.decode(AbstractHttpResponseCodec.java:80)
	at org.openqa.selenium.remote.http.AbstractHttpResponseCodec.decode(AbstractHttpResponseCodec.java:44)
	at org.openqa.selenium.remote.HttpCommandExecutor.execute(HttpCommandExecutor.java:164)
	at org.openqa.selenium.remote.service.DriverCommandExecutor.execute(DriverCommandExecutor.java:83)
	at org.openqa.selenium.remote.RemoteWebDriver.execute(RemoteWebDriver.java:600)
	at org.openqa.selenium.remote.RemoteWebElement.execute(RemoteWebElement.java:279)
	at org.openqa.selenium.remote.RemoteWebElement.isDisplayed(RemoteWebElement.java:320)
	at com.nbcd.Pages.PGGlobalHomePage.Global_BodyAd(PGGlobalHomePage.java:70)
	at com.nbcd.Test.TCGlobalHomePage_BodyAd.Global_BodyAd(TCGlobalHomePage_BodyAd.java:23)
	at java.util.concurrent.ThreadPoolExecutor.runWorker(ThreadPoolExecutor.java:1142)
	at java.util.concurrent.ThreadPoolExecutor$Worker.run(ThreadPoolExecutor.java:617)
	at java.lang.Thread.run(Thread.java:745)
... Removed 14 stack frames]]>
    </failure>
  </testcase> <!-- Global_BodyAd -->
  <testcase name="Global_BannerAd" time="41.865" classname="com.nbcd.Test.TCGlobalHomePage_BannerAd">
    <failure type="org.openqa.selenium.StaleElementReferenceException" message="stale element reference: element is not attached to the page document
  (Session info: chrome=58.0.3029.110)
  (Driver info: chromedriver=2.29.461591 (62ebf098771772160f391d75e589dc567915b233),platform=Windows NT 6.1.7601 SP1 x86_64) (WARNING: The server did not provide any stacktrace information)
Command duration or timeout: 0 milliseconds
For documentation on this error, please visit: http://seleniumhq.org/exceptions/stale_element_reference.html
Build info: version: &amp;apos;3.7.1&amp;apos;, revision: &amp;apos;8a0099a&amp;apos;, time: &amp;apos;2017-11-06T21:01:39.354Z&amp;apos;
System info: host: &amp;apos;LTUS43208&amp;apos;, ip: &amp;apos;192.168.1.66&amp;apos;, os.name: &amp;apos;Windows 7&amp;apos;, os.arch: &amp;apos;amd64&amp;apos;, os.version: &amp;apos;6.1&amp;apos;, java.version: &amp;apos;1.8.0_77&amp;apos;
Driver info: org.openqa.selenium.chrome.ChromeDriver
Capabilities {acceptSslCerts: true, applicationCacheEnabled: false, browserConnectionEnabled: false, browserName: chrome, chrome: {chromedriverVersion: 2.29.461591 (62ebf098771772..., userDataDir: C:\Users\490544\AppData\Loc...}, cssSelectorsEnabled: true, databaseEnabled: false, handlesAlerts: true, hasTouchScreen: false, javascriptEnabled: true, locationContextEnabled: true, mobileEmulationEnabled: false, nativeEvents: true, networkConnectionEnabled: false, pageLoadStrategy: normal, platform: XP, platformName: XP, rotatable: false, takesHeapSnapshot: true, takesScreenshot: true, unexpectedAlertBehaviour: , unhandledPromptBehavior: , version: 58.0.3029.110, webStorageEnabled: true}
Session ID: 08a1957f83cc3bd7d28cba748d517e84">
      <![CDATA[org.openqa.selenium.StaleElementReferenceException: stale element reference: element is not attached to the page document
  (Session info: chrome=58.0.3029.110)
  (Driver info: chromedriver=2.29.461591 (62ebf098771772160f391d75e589dc567915b233),platform=Windows NT 6.1.7601 SP1 x86_64) (WARNING: The server did not provide any stacktrace information)
Command duration or timeout: 0 milliseconds
For documentation on this error, please visit: http://seleniumhq.org/exceptions/stale_element_reference.html
Build info: version: '3.7.1', revision: '8a0099a', time: '2017-11-06T21:01:39.354Z'
System info: host: 'LTUS43208', ip: '192.168.1.66', os.name: 'Windows 7', os.arch: 'amd64', os.version: '6.1', java.version: '1.8.0_77'
Driver info: org.openqa.selenium.chrome.ChromeDriver
Capabilities {acceptSslCerts: true, applicationCacheEnabled: false, browserConnectionEnabled: false, browserName: chrome, chrome: {chromedriverVersion: 2.29.461591 (62ebf098771772..., userDataDir: C:\Users\490544\AppData\Loc...}, cssSelectorsEnabled: true, databaseEnabled: false, handlesAlerts: true, hasTouchScreen: false, javascriptEnabled: true, locationContextEnabled: true, mobileEmulationEnabled: false, nativeEvents: true, networkConnectionEnabled: false, pageLoadStrategy: normal, platform: XP, platformName: XP, rotatable: false, takesHeapSnapshot: true, takesScreenshot: true, unexpectedAlertBehaviour: , unhandledPromptBehavior: , version: 58.0.3029.110, webStorageEnabled: true}
Session ID: 08a1957f83cc3bd7d28cba748d517e84
	at org.openqa.selenium.remote.ErrorHandler.createThrowable(ErrorHandler.java:214)
	at org.openqa.selenium.remote.ErrorHandler.throwIfResponseFailed(ErrorHandler.java:166)
	at org.openqa.selenium.remote.http.JsonHttpResponseCodec.reconstructValue(JsonHttpResponseCodec.java:40)
	at org.openqa.selenium.remote.http.AbstractHttpResponseCodec.decode(AbstractHttpResponseCodec.java:80)
	at org.openqa.selenium.remote.http.AbstractHttpResponseCodec.decode(AbstractHttpResponseCodec.java:44)
	at org.openqa.selenium.remote.HttpCommandExecutor.execute(HttpCommandExecutor.java:164)
	at org.openqa.selenium.remote.service.DriverCommandExecutor.execute(DriverCommandExecutor.java:83)
	at org.openqa.selenium.remote.RemoteWebDriver.execute(RemoteWebDriver.java:600)
	at org.openqa.selenium.remote.RemoteWebElement.execute(RemoteWebElement.java:279)
	at org.openqa.selenium.remote.RemoteWebElement.isDisplayed(RemoteWebElement.java:320)
	at com.nbcd.Pages.PGGlobalHomePage.Global_BannerAd(PGGlobalHomePage.java:104)
	at com.nbcd.Test.TCGlobalHomePage_BannerAd.Global_BannerAd(TCGlobalHomePage_BannerAd.java:23)
	at java.util.concurrent.ThreadPoolExecutor.runWorker(ThreadPoolExecutor.java:1142)
	at java.util.concurrent.ThreadPoolExecutor$Worker.run(ThreadPoolExecutor.java:617)
	at java.lang.Thread.run(Thread.java:745)
... Removed 14 stack frames]]>
    </failure>
  </testcase> <!-- Global_BannerAd -->
  <testcase name="Global_Footerlinks_Nav" time="47.471" classname="com.nbcd.Test.TCGlobalHomePage_Global_Footerlinks_Nav">
    <failure type="java.lang.IndexOutOfBoundsException" message="Index: 5, Size: 1">
      <![CDATA[java.lang.IndexOutOfBoundsException: Index: 5, Size: 1
	at java.util.ArrayList.rangeCheck(ArrayList.java:653)
	at java.util.ArrayList.get(ArrayList.java:429)
	at com.nbcd.Pages.PGGlobalHomePage.Global_Footerlinks_Nav(PGGlobalHomePage.java:155)
	at com.nbcd.Test.TCGlobalHomePage_Global_Footerlinks_Nav.Global_Footerlinks_Nav(TCGlobalHomePage_Global_Footerlinks_Nav.java:22)
	at java.util.concurrent.ThreadPoolExecutor.runWorker(ThreadPoolExecutor.java:1142)
	at java.util.concurrent.ThreadPoolExecutor$Worker.run(ThreadPoolExecutor.java:617)
	at java.lang.Thread.run(Thread.java:745)
... Removed 10 stack frames]]>
    </failure>
  </testcase> <!-- Global_Footerlinks_Nav -->
  <testcase name="BreakingNewsbar" time="19.657" classname="com.nbcd.Test.TCBreakingNewsBar">
    <failure type="org.openqa.selenium.NoSuchElementException" message="no such element: Unable to locate element: {&amp;quot;method&amp;quot;:&amp;quot;css selector&amp;quot;,&amp;quot;selector&amp;quot;:&amp;quot;div.breaking-news__inner a&amp;quot;}
  (Session info: chrome=58.0.3029.110)
  (Driver info: chromedriver=2.29.461591 (62ebf098771772160f391d75e589dc567915b233),platform=Windows NT 6.1.7601 SP1 x86_64) (WARNING: The server did not provide any stacktrace information)
Command duration or timeout: 0 milliseconds
For documentation on this error, please visit: http://seleniumhq.org/exceptions/no_such_element.html
Build info: version: &amp;apos;3.7.1&amp;apos;, revision: &amp;apos;8a0099a&amp;apos;, time: &amp;apos;2017-11-06T21:01:39.354Z&amp;apos;
System info: host: &amp;apos;LTUS43208&amp;apos;, ip: &amp;apos;192.168.1.66&amp;apos;, os.name: &amp;apos;Windows 7&amp;apos;, os.arch: &amp;apos;amd64&amp;apos;, os.version: &amp;apos;6.1&amp;apos;, java.version: &amp;apos;1.8.0_77&amp;apos;
Driver info: org.openqa.selenium.chrome.ChromeDriver
Capabilities {acceptSslCerts: true, applicationCacheEnabled: false, browserConnectionEnabled: false, browserName: chrome, chrome: {chromedriverVersion: 2.29.461591 (62ebf098771772..., userDataDir: C:\Users\490544\AppData\Loc...}, cssSelectorsEnabled: true, databaseEnabled: false, handlesAlerts: true, hasTouchScreen: false, javascriptEnabled: true, locationContextEnabled: true, mobileEmulationEnabled: false, nativeEvents: true, networkConnectionEnabled: false, pageLoadStrategy: normal, platform: XP, platformName: XP, rotatable: false, takesHeapSnapshot: true, takesScreenshot: true, unexpectedAlertBehaviour: , unhandledPromptBehavior: , version: 58.0.3029.110, webStorageEnabled: true}
Session ID: 5fc48a33502a6b9481589962858ca5eb
*** Element info: {Using=css selector, value=div.breaking-news__inner a}">
      <![CDATA[org.openqa.selenium.NoSuchElementException: no such element: Unable to locate element: {"method":"css selector","selector":"div.breaking-news__inner a"}
  (Session info: chrome=58.0.3029.110)
  (Driver info: chromedriver=2.29.461591 (62ebf098771772160f391d75e589dc567915b233),platform=Windows NT 6.1.7601 SP1 x86_64) (WARNING: The server did not provide any stacktrace information)
Command duration or timeout: 0 milliseconds
For documentation on this error, please visit: http://seleniumhq.org/exceptions/no_such_element.html
Build info: version: '3.7.1', revision: '8a0099a', time: '2017-11-06T21:01:39.354Z'
System info: host: 'LTUS43208', ip: '192.168.1.66', os.name: 'Windows 7', os.arch: 'amd64', os.version: '6.1', java.version: '1.8.0_77'
Driver info: org.openqa.selenium.chrome.ChromeDriver
Capabilities {acceptSslCerts: true, applicationCacheEnabled: false, browserConnectionEnabled: false, browserName: chrome, chrome: {chromedriverVersion: 2.29.461591 (62ebf098771772..., userDataDir: C:\Users\490544\AppData\Loc...}, cssSelectorsEnabled: true, databaseEnabled: false, handlesAlerts: true, hasTouchScreen: false, javascriptEnabled: true, locationContextEnabled: true, mobileEmulationEnabled: false, nativeEvents: true, networkConnectionEnabled: false, pageLoadStrategy: normal, platform: XP, platformName: XP, rotatable: false, takesHeapSnapshot: true, takesScreenshot: true, unexpectedAlertBehaviour: , unhandledPromptBehavior: , version: 58.0.3029.110, webStorageEnabled: true}
Session ID: 5fc48a33502a6b9481589962858ca5eb
*** Element info: {Using=css selector, value=div.breaking-news__inner a}
	at org.openqa.selenium.remote.ErrorHandler.createThrowable(ErrorHandler.java:214)
	at org.openqa.selenium.remote.ErrorHandler.throwIfResponseFailed(ErrorHandler.java:166)
	at org.openqa.selenium.remote.http.JsonHttpResponseCodec.reconstructValue(JsonHttpResponseCodec.java:40)
	at org.openqa.selenium.remote.http.AbstractHttpResponseCodec.decode(AbstractHttpResponseCodec.java:80)
	at org.openqa.selenium.remote.http.AbstractHttpResponseCodec.decode(AbstractHttpResponseCodec.java:44)
	at org.openqa.selenium.remote.HttpCommandExecutor.execute(HttpCommandExecutor.java:164)
	at org.openqa.selenium.remote.service.DriverCommandExecutor.execute(DriverCommandExecutor.java:83)
	at org.openqa.selenium.remote.RemoteWebDriver.execute(RemoteWebDriver.java:600)
	at org.openqa.selenium.remote.RemoteWebDriver.findElement(RemoteWebDriver.java:370)
	at org.openqa.selenium.remote.RemoteWebDriver.findElementByCssSelector(RemoteWebDriver.java:464)
	at org.openqa.selenium.By$ByCssSelector.findElement(By.java:430)
	at org.openqa.selenium.remote.RemoteWebDriver.findElement(RemoteWebDriver.java:362)
	at com.nbcd.GenericLib.Utilities.returnElement(Utilities.java:32)
	at com.nbcd.Pages.PGBreakingNewsBar.BreakingNewsbar(PGBreakingNewsBar.java:58)
	at com.nbcd.Test.TCBreakingNewsBar.BreakingNewsbar(TCBreakingNewsBar.java:26)
	at java.util.concurrent.ThreadPoolExecutor.runWorker(ThreadPoolExecutor.java:1142)
	at java.util.concurrent.ThreadPoolExecutor$Worker.run(ThreadPoolExecutor.java:617)
	at java.lang.Thread.run(Thread.java:745)
... Removed 13 stack frames]]>
    </failure>
  </testcase> <!-- BreakingNewsbar -->
  <testcase name="titledescan" time="19.666" classname="com.nbcd.Test.TCGlobalHomePage_titledescan">
    <failure type="java.lang.IndexOutOfBoundsException" message="Index: 1, Size: 1">
      <![CDATA[java.lang.IndexOutOfBoundsException: Index: 1, Size: 1
	at java.util.ArrayList.rangeCheck(ArrayList.java:653)
	at java.util.ArrayList.get(ArrayList.java:429)
	at com.nbcd.Pages.PGGlobalHomePage.titledescan(PGGlobalHomePage.java:709)
	at com.nbcd.Test.TCGlobalHomePage_titledescan.titledescan(TCGlobalHomePage_titledescan.java:23)
	at java.util.concurrent.ThreadPoolExecutor.runWorker(ThreadPoolExecutor.java:1142)
	at java.util.concurrent.ThreadPoolExecutor$Worker.run(ThreadPoolExecutor.java:617)
	at java.lang.Thread.run(Thread.java:745)
... Removed 10 stack frames]]>
    </failure>
  </testcase> <!-- titledescan -->
  <testcase name="@AfterTest endReport" time="0.0" classname="com.nbcd.GenericLib.Extent_Reports">
    <ignored/>
  </testcase> <!-- @AfterTest endReport -->
  <testcase name="@AfterTest endReport" time="0.0" classname="com.nbcd.GenericLib.Extent_Reports">
    <ignored/>
  </testcase> <!-- @AfterTest endReport -->
  <testcase name="@AfterTest endReport" time="0.0" classname="com.nbcd.GenericLib.Extent_Reports">
    <ignored/>
  </testcase> <!-- @AfterTest endReport -->
  <testcase name="@AfterTest endReport" time="0.0" classname="com.nbcd.GenericLib.Extent_Reports">
    <ignored/>
  </testcase> <!-- @AfterTest endReport -->
  <testcase name="@AfterTest endReport" time="0.0" classname="com.nbcd.GenericLib.Extent_Reports">
    <ignored/>
  </testcase> <!-- @AfterTest endReport -->
  <testcase name="@AfterTest endReport" time="0.0" classname="com.nbcd.GenericLib.Extent_Reports">
    <ignored/>
  </testcase> <!-- @AfterTest endReport -->
  <testcase name="@AfterTest endReport" time="0.0" classname="com.nbcd.GenericLib.Extent_Reports">
    <ignored/>
  </testcase> <!-- @AfterTest endReport -->
  <testcase name="@AfterTest endReport" time="0.0" classname="com.nbcd.GenericLib.Extent_Reports">
    <ignored/>
  </testcase> <!-- @AfterTest endReport -->
  <testcase name="@AfterTest endReport" time="0.0" classname="com.nbcd.GenericLib.Extent_Reports">
    <ignored/>
  </testcase> <!-- @AfterTest endReport -->
  <testcase name="@AfterTest endReport" time="0.0" classname="com.nbcd.GenericLib.Extent_Reports">
    <ignored/>
  </testcase> <!-- @AfterTest endReport -->
  <testcase name="@AfterTest endReport" time="0.0" classname="com.nbcd.GenericLib.Extent_Reports">
    <ignored/>
  </testcase> <!-- @AfterTest endReport -->
  <testcase name="@AfterTest endReport" time="0.0" classname="com.nbcd.GenericLib.Extent_Reports">
    <ignored/>
  </testcase> <!-- @AfterTest endReport -->
  <testcase name="@AfterTest endReport" time="0.0" classname="com.nbcd.GenericLib.Extent_Reports">
    <ignored/>
  </testcase> <!-- @AfterTest endReport -->
  <testcase name="@AfterTest endReport" time="0.0" classname="com.nbcd.GenericLib.Extent_Reports">
    <ignored/>
  </testcase> <!-- @AfterTest endReport -->
  <testcase name="@AfterTest endReport" time="0.0" classname="com.nbcd.GenericLib.Extent_Reports">
    <ignored/>
  </testcase> <!-- @AfterTest endReport -->
  <testcase name="@AfterTest endReport" time="0.0" classname="com.nbcd.GenericLib.Extent_Reports">
    <ignored/>
  </testcase> <!-- @AfterTest endReport -->
  <testcase name="@AfterTest endReport" time="0.0" classname="com.nbcd.GenericLib.Extent_Reports">
    <ignored/>
  </testcase> <!-- @AfterTest endReport -->
  <testcase name="@AfterTest endReport" time="0.0" classname="com.nbcd.GenericLib.Extent_Reports">
    <ignored/>
  </testcase> <!-- @AfterTest endReport -->
  <testcase name="@AfterTest endReport" time="0.0" classname="com.nbcd.GenericLib.Extent_Reports">
    <ignored/>
  </testcase> <!-- @AfterTest endReport -->
  <testcase name="@AfterTest endReport" time="0.0" classname="com.nbcd.GenericLib.Extent_Reports">
    <ignored/>
  </testcase> <!-- @AfterTest endReport -->
  <testcase name="@AfterTest endReport" time="0.0" classname="com.nbcd.GenericLib.Extent_Reports">
    <ignored/>
  </testcase> <!-- @AfterTest endReport -->
  <testcase name="@AfterTest endReport" time="0.0" classname="com.nbcd.GenericLib.Extent_Reports">
    <ignored/>
  </testcase> <!-- @AfterTest endReport -->
  <testcase name="@AfterTest endReport" time="0.0" classname="com.nbcd.GenericLib.Extent_Reports">
    <ignored/>
  </testcase> <!-- @AfterTest endReport -->
  <testcase name="@AfterTest endReport" time="0.0" classname="com.nbcd.GenericLib.Extent_Reports">
    <ignored/>
  </testcase> <!-- @AfterTest endReport -->
  <testcase name="@AfterTest endReport" time="0.0" classname="com.nbcd.GenericLib.Extent_Reports">
    <ignored/>
  </testcase> <!-- @AfterTest endReport -->
  <testcase name="@AfterTest endReport" time="0.0" classname="com.nbcd.GenericLib.Extent_Reports">
    <ignored/>
  </testcase> <!-- @AfterTest endReport -->
  <testcase name="@AfterTest endReport" time="0.0" classname="com.nbcd.GenericLib.Extent_Reports">
    <ignored/>
  </testcase> <!-- @AfterTest endReport -->
  <testcase name="@AfterTest endReport" time="0.0" classname="com.nbcd.GenericLib.Extent_Reports">
    <ignored/>
  </testcase> <!-- @AfterTest endReport -->
  <testcase name="@AfterTest endReport" time="0.0" classname="com.nbcd.GenericLib.Extent_Reports">
    <ignored/>
  </testcase> <!-- @AfterTest endReport -->
  <testcase name="@AfterTest endReport" time="0.0" classname="com.nbcd.GenericLib.Extent_Reports">
    <ignored/>
  </testcase> <!-- @AfterTest endReport -->
  <testcase name="@AfterTest endReport" time="0.0" classname="com.nbcd.GenericLib.Extent_Reports">
    <ignored/>
  </testcase> <!-- @AfterTest endReport -->
  <testcase name="@AfterTest endReport" time="0.0" classname="com.nbcd.GenericLib.Extent_Reports">
    <ignored/>
  </testcase> <!-- @AfterTest endReport -->
  <testcase name="@AfterTest endReport" time="0.0" classname="com.nbcd.GenericLib.Extent_Reports">
    <ignored/>
  </testcase> <!-- @AfterTest endReport -->
  <testcase name="@AfterTest endReport" time="0.0" classname="com.nbcd.GenericLib.Extent_Reports">
    <ignored/>
  </testcase> <!-- @AfterTest endReport -->
  <testcase name="@AfterTest endReport" time="0.0" classname="com.nbcd.GenericLib.Extent_Reports">
    <ignored/>
  </testcase> <!-- @AfterTest endReport -->
  <testcase name="@AfterTest endReport" time="0.0" classname="com.nbcd.GenericLib.Extent_Reports">
    <ignored/>
  </testcase> <!-- @AfterTest endReport -->
  <testcase name="@AfterTest endReport" time="0.0" classname="com.nbcd.GenericLib.Extent_Reports">
    <ignored/>
  </testcase> <!-- @AfterTest endReport -->
  <testcase name="@AfterTest endReport" time="0.0" classname="com.nbcd.GenericLib.Extent_Reports">
    <ignored/>
  </testcase> <!-- @AfterTest endReport -->
  <testcase name="@AfterTest endReport" time="0.0" classname="com.nbcd.GenericLib.Extent_Reports">
    <ignored/>
  </testcase> <!-- @AfterTest endReport -->
  <testcase name="@AfterTest endReport" time="0.0" classname="com.nbcd.GenericLib.Extent_Reports">
    <ignored/>
  </testcase> <!-- @AfterTest endReport -->
  <testcase name="@AfterTest endReport" time="0.0" classname="com.nbcd.GenericLib.Extent_Reports">
    <ignored/>
  </testcase> <!-- @AfterTest endReport -->
  <testcase name="@AfterTest endReport" time="0.0" classname="com.nbcd.GenericLib.Extent_Reports">
    <ignored/>
  </testcase> <!-- @AfterTest endReport -->
  <testcase name="@AfterTest endReport" time="0.0" classname="com.nbcd.GenericLib.Extent_Reports">
    <ignored/>
  </testcase> <!-- @AfterTest endReport -->
  <testcase name="@AfterTest endReport" time="0.0" classname="com.nbcd.GenericLib.Extent_Reports">
    <ignored/>
  </testcase> <!-- @AfterTest endReport -->
  <testcase name="@AfterTest endReport" time="0.0" classname="com.nbcd.GenericLib.Extent_Reports">
    <ignored/>
  </testcase> <!-- @AfterTest endReport -->
  <testcase name="@AfterTest endReport" time="0.0" classname="com.nbcd.GenericLib.Extent_Reports">
    <ignored/>
  </testcase> <!-- @AfterTest endReport -->
  <testcase name="@AfterTest endReport" time="0.0" classname="com.nbcd.GenericLib.Extent_Reports">
    <ignored/>
  </testcase> <!-- @AfterTest endReport -->
  <testcase name="@AfterTest endReport" time="0.0" classname="com.nbcd.GenericLib.Extent_Reports">
    <ignored/>
  </testcase> <!-- @AfterTest endReport -->
  <testcase name="@AfterTest endReport" time="0.0" classname="com.nbcd.GenericLib.Extent_Reports">
    <ignored/>
  </testcase> <!-- @AfterTest endReport -->
  <testcase name="@AfterTest endReport" time="0.0" classname="com.nbcd.GenericLib.Extent_Reports">
    <ignored/>
  </testcase> <!-- @AfterTest endReport -->
  <testcase name="@AfterTest endReport" time="0.0" classname="com.nbcd.GenericLib.Extent_Reports">
    <ignored/>
  </testcase> <!-- @AfterTest endReport -->
  <testcase name="@AfterTest endReport" time="0.0" classname="com.nbcd.GenericLib.Extent_Reports">
    <ignored/>
  </testcase> <!-- @AfterTest endReport -->
  <testcase name="@AfterTest endReport" time="0.0" classname="com.nbcd.GenericLib.Extent_Reports">
    <ignored/>
  </testcase> <!-- @AfterTest endReport -->
  <testcase name="@AfterTest endReport" time="0.0" classname="com.nbcd.GenericLib.Extent_Reports">
    <ignored/>
  </testcase> <!-- @AfterTest endReport -->
  <testcase name="@AfterTest endReport" time="0.0" classname="com.nbcd.GenericLib.Extent_Reports">
    <ignored/>
  </testcase> <!-- @AfterTest endReport -->
  <testcase name="@AfterTest endReport" time="0.0" classname="com.nbcd.GenericLib.Extent_Reports">
    <ignored/>
  </testcase> <!-- @AfterTest endReport -->
  <testcase name="@AfterTest endReport" time="0.0" classname="com.nbcd.GenericLib.Extent_Reports">
    <ignored/>
  </testcase> <!-- @AfterTest endReport -->
  <testcase name="@AfterTest endReport" time="0.0" classname="com.nbcd.GenericLib.Extent_Reports">
    <ignored/>
  </testcase> <!-- @AfterTest endReport -->
  <testcase name="@AfterTest endReport" time="0.0" classname="com.nbcd.GenericLib.Extent_Reports">
    <ignored/>
  </testcase> <!-- @AfterTest endReport -->
  <testcase name="@AfterTest endReport" time="0.0" classname="com.nbcd.GenericLib.Extent_Reports">
    <ignored/>
  </testcase> <!-- @AfterTest endReport -->
  <testcase name="@AfterTest endReport" time="0.0" classname="com.nbcd.GenericLib.Extent_Reports">
    <ignored/>
  </testcase> <!-- @AfterTest endReport -->
  <testcase name="@AfterTest endReport" time="0.0" classname="com.nbcd.GenericLib.Extent_Reports">
    <ignored/>
  </testcase> <!-- @AfterTest endReport -->
  <testcase name="@AfterTest endReport" time="0.0" classname="com.nbcd.GenericLib.Extent_Reports">
    <ignored/>
  </testcase> <!-- @AfterTest endReport -->
  <testcase name="@AfterTest endReport" time="0.0" classname="com.nbcd.GenericLib.Extent_Reports">
    <ignored/>
  </testcase> <!-- @AfterTest endReport -->
  <testcase name="@AfterTest endReport" time="0.0" classname="com.nbcd.GenericLib.Extent_Reports">
    <ignored/>
  </testcase> <!-- @AfterTest endReport -->
  <testcase name="@AfterTest endReport" time="0.0" classname="com.nbcd.GenericLib.Extent_Reports">
    <ignored/>
  </testcase> <!-- @AfterTest endReport -->
  <testcase name="@AfterTest endReport" time="0.0" classname="com.nbcd.GenericLib.Extent_Reports">
    <ignored/>
  </testcase> <!-- @AfterTest endReport -->
  <testcase name="@AfterTest endReport" time="0.0" classname="com.nbcd.GenericLib.Extent_Reports">
    <ignored/>
  </testcase> <!-- @AfterTest endReport -->
  <testcase name="@AfterTest endReport" time="0.0" classname="com.nbcd.GenericLib.Extent_Reports">
    <ignored/>
  </testcase> <!-- @AfterTest endReport -->
  <testcase name="@AfterTest endReport" time="0.0" classname="com.nbcd.GenericLib.Extent_Reports">
    <ignored/>
  </testcase> <!-- @AfterTest endReport -->
  <testcase name="@AfterTest endReport" time="0.0" classname="com.nbcd.GenericLib.Extent_Reports">
    <ignored/>
  </testcase> <!-- @AfterTest endReport -->
  <testcase name="@AfterTest endReport" time="0.0" classname="com.nbcd.GenericLib.Extent_Reports">
    <ignored/>
  </testcase> <!-- @AfterTest endReport -->
  <testcase name="@AfterTest endReport" time="0.0" classname="com.nbcd.GenericLib.Extent_Reports">
    <ignored/>
  </testcase> <!-- @AfterTest endReport -->
  <testcase name="@AfterTest endReport" time="0.0" classname="com.nbcd.GenericLib.Extent_Reports">
    <ignored/>
  </testcase> <!-- @AfterTest endReport -->
  <testcase name="@AfterTest endReport" time="0.0" classname="com.nbcd.GenericLib.Extent_Reports">
    <ignored/>
  </testcase> <!-- @AfterTest endReport -->
  <testcase name="@AfterTest endReport" time="0.0" classname="com.nbcd.GenericLib.Extent_Reports">
    <ignored/>
  </testcase> <!-- @AfterTest endReport -->
  <testcase name="@AfterTest endReport" time="0.0" classname="com.nbcd.GenericLib.Extent_Reports">
    <ignored/>
  </testcase> <!-- @AfterTest endReport -->
  <testcase name="@AfterTest endReport" time="0.0" classname="com.nbcd.GenericLib.Extent_Reports">
    <ignored/>
  </testcase> <!-- @AfterTest endReport -->
  <testcase name="@AfterTest endReport" time="0.0" classname="com.nbcd.GenericLib.Extent_Reports">
    <ignored/>
  </testcase> <!-- @AfterTest endReport -->
  <testcase name="@AfterTest endReport" time="0.0" classname="com.nbcd.GenericLib.Extent_Reports">
    <ignored/>
  </testcase> <!-- @AfterTest endReport -->
  <testcase name="@AfterTest endReport" time="0.0" classname="com.nbcd.GenericLib.Extent_Reports">
    <ignored/>
  </testcase> <!-- @AfterTest endReport -->
  <testcase name="@AfterTest endReport" time="0.0" classname="com.nbcd.GenericLib.Extent_Reports">
    <ignored/>
  </testcase> <!-- @AfterTest endReport -->
  <testcase name="@AfterTest endReport" time="0.0" classname="com.nbcd.GenericLib.Extent_Reports">
    <ignored/>
  </testcase> <!-- @AfterTest endReport -->
  <testcase name="@AfterTest endReport" time="0.0" classname="com.nbcd.GenericLib.Extent_Reports">
    <ignored/>
  </testcase> <!-- @AfterTest endReport -->
  <testcase name="@AfterTest endReport" time="0.0" classname="com.nbcd.GenericLib.Extent_Reports">
    <ignored/>
  </testcase> <!-- @AfterTest endReport -->
  <testcase name="@AfterTest endReport" time="0.0" classname="com.nbcd.GenericLib.Extent_Reports">
    <ignored/>
  </testcase> <!-- @AfterTest endReport -->
  <testcase name="@AfterTest endReport" time="0.0" classname="com.nbcd.GenericLib.Extent_Reports">
    <ignored/>
  </testcase> <!-- @AfterTest endReport -->
  <testcase name="@AfterTest endReport" time="0.0" classname="com.nbcd.GenericLib.Extent_Reports">
    <ignored/>
  </testcase> <!-- @AfterTest endReport -->
  <testcase name="@AfterTest endReport" time="0.0" classname="com.nbcd.GenericLib.Extent_Reports">
    <ignored/>
  </testcase> <!-- @AfterTest endReport -->
  <testcase name="@AfterTest endReport" time="0.0" classname="com.nbcd.GenericLib.Extent_Reports">
    <ignored/>
  </testcase> <!-- @AfterTest endReport -->
  <testcase name="@AfterTest endReport" time="0.0" classname="com.nbcd.GenericLib.Extent_Reports">
    <ignored/>
  </testcase> <!-- @AfterTest endReport -->
  <testcase name="@AfterTest endReport" time="0.0" classname="com.nbcd.GenericLib.Extent_Reports">
    <ignored/>
  </testcase> <!-- @AfterTest endReport -->
  <testcase name="@AfterTest endReport" time="0.0" classname="com.nbcd.GenericLib.Extent_Reports">
    <ignored/>
  </testcase> <!-- @AfterTest endReport -->
  <testcase name="@AfterTest endReport" time="0.0" classname="com.nbcd.GenericLib.Extent_Reports">
    <ignored/>
  </testcase> <!-- @AfterTest endReport -->
  <testcase name="@AfterTest endReport" time="0.0" classname="com.nbcd.GenericLib.Extent_Reports">
    <ignored/>
  </testcase> <!-- @AfterTest endReport -->
  <testcase name="@AfterTest endReport" time="0.0" classname="com.nbcd.GenericLib.Extent_Reports">
    <ignored/>
  </testcase> <!-- @AfterTest endReport -->
  <testcase name="@AfterTest endReport" time="0.0" classname="com.nbcd.GenericLib.Extent_Reports">
    <ignored/>
  </testcase> <!-- @AfterTest endReport -->
  <testcase name="@AfterTest endReport" time="0.0" classname="com.nbcd.GenericLib.Extent_Reports">
    <ignored/>
  </testcase> <!-- @AfterTest endReport -->
  <testcase name="@AfterTest endReport" time="0.0" classname="com.nbcd.GenericLib.Extent_Reports">
    <ignored/>
  </testcase> <!-- @AfterTest endReport -->
  <testcase name="@AfterTest endReport" time="0.0" classname="com.nbcd.GenericLib.Extent_Reports">
    <ignored/>
  </testcase> <!-- @AfterTest endReport -->
  <testcase name="@AfterTest endReport" time="0.0" classname="com.nbcd.GenericLib.Extent_Reports">
    <ignored/>
  </testcase> <!-- @AfterTest endReport -->
  <testcase name="@AfterTest endReport" time="0.0" classname="com.nbcd.GenericLib.Extent_Reports">
    <ignored/>
  </testcase> <!-- @AfterTest endReport -->
  <testcase name="@AfterTest endReport" time="0.0" classname="com.nbcd.GenericLib.Extent_Reports">
    <ignored/>
  </testcase> <!-- @AfterTest endReport -->
</testsuite> <!-- Firefox -->
