<html>
<head>
<title>TestNG:  Test1</title>
<link href="../testng.css" rel="stylesheet" type="text/css" />
<link href="../my-testng.css" rel="stylesheet" type="text/css" />

<style type="text/css">
.log { display: none;} 
.stack-trace { display: none;} 
</style>
<script type="text/javascript">
<!--
function flip(e) {
  current = e.style.display;
  if (current == 'block') {
    e.style.display = 'none';
    return 0;
  }
  else {
    e.style.display = 'block';
    return 1;
  }
}

function toggleBox(szDivId, elem, msg1, msg2)
{
  var res = -1;  if (document.getElementById) {
    res = flip(document.getElementById(szDivId));
  }
  else if (document.all) {
    // this is the way old msie versions work
    res = flip(document.all[szDivId]);
  }
  if(elem) {
    if(res == 0) elem.innerHTML = msg1; else elem.innerHTML = msg2;
  }

}

function toggleAllBoxes() {
  if (document.getElementsByTagName) {
    d = document.getElementsByTagName('div');
    for (i = 0; i < d.length; i++) {
      if (d[i].className == 'log') {
        flip(d[i]);
      }
    }
  }
}

// -->
</script>

</head>
<body>
<h2 align='center'>Test1</h2><table border='1' align="center">
<tr>
<td>Tests passed/Failed/Skipped:</td><td>0/0/4</td>
</tr><tr>
<td>Started on:</td><td>Sat Dec 02 01:52:18 PST 2017</td>
</tr>
<tr><td>Total time:</td><td>0 seconds (236 ms)</td>
</tr><tr>
<td>Included groups:</td><td></td>
</tr><tr>
<td>Excluded groups:</td><td></td>
</tr>
</table><p/>
<small><i>(Hover the method name to see the test class name)</i></small><p/>
<table width='100%' border='1' class='invocation-failed'>
<tr><td colspan='4' align='center'><b>FAILED CONFIGURATIONS</b></td></tr>
<tr><td><b>Test method</b></td>
<td width="30%"><b>Exception</b></td>
<td width="10%"><b>Time (seconds)</b></td>
<td><b>Instance</b></td>
</tr>
<tr>
<td title='com.nbcd.Test.TCHomePage.getBrowserType()'><b>getBrowserType</b><br>Test class: com.nbcd.Test.TCHomePage</td>
<td><div><pre>org.testng.TestNGException: 
Parameter &apos;browser&apos; is required by BeforeClass on method getBrowserType but has not been marked @Optional or defined
in C:\POC\NBCAutomation\testng.xml
	at java.util.concurrent.FutureTask.run(FutureTask.java:266)
	at java.util.concurrent.ThreadPoolExecutor.runWorker(ThreadPoolExecutor.java:1142)
	at java.util.concurrent.ThreadPoolExecutor$Worker.run(ThreadPoolExecutor.java:617)
	at java.lang.Thread.run(Thread.java:745)
... Removed 13 stack frames</pre></div><a href='#' onClick='toggleBox("stack-trace39147194", this, "Click to show all stack frames", "Click to hide stack frames")'>Click to show all stack frames</a>
<div class='stack-trace' id='stack-trace39147194'><pre>org.testng.TestNGException: 
Parameter &apos;browser&apos; is required by BeforeClass on method getBrowserType but has not been marked @Optional or defined
in C:\POC\NBCAutomation\testng.xml
	at org.testng.internal.Parameters.createParameters(Parameters.java:199)
	at org.testng.internal.Parameters.createParameters(Parameters.java:443)
	at org.testng.internal.Parameters.createConfigurationParameters(Parameters.java:118)
	at org.testng.internal.Invoker.invokeConfigurations(Invoker.java:206)
	at org.testng.internal.Invoker.invokeConfigurations(Invoker.java:146)
	at org.testng.internal.TestMethodWorker.invokeBeforeClassMethods(TestMethodWorker.java:166)
	at org.testng.internal.TestMethodWorker.run(TestMethodWorker.java:105)
	at org.testng.TestRunner.privateRun(TestRunner.java:744)
	at org.testng.TestRunner.run(TestRunner.java:602)
	at org.testng.SuiteRunner.runTest(SuiteRunner.java:380)
	at org.testng.SuiteRunner.access$000(SuiteRunner.java:39)
	at org.testng.SuiteRunner$SuiteWorker.run(SuiteRunner.java:414)
	at org.testng.internal.thread.ThreadUtil$1.call(ThreadUtil.java:52)
	at java.util.concurrent.FutureTask.run(FutureTask.java:266)
	at java.util.concurrent.ThreadPoolExecutor.runWorker(ThreadPoolExecutor.java:1142)
	at java.util.concurrent.ThreadPoolExecutor$Worker.run(ThreadPoolExecutor.java:617)
	at java.lang.Thread.run(Thread.java:745)
</pre></div></td>
<td>0</td>
<td>com.nbcd.Test.TCHomePage@17c1bced</td></tr>
</table><p>
<table width='100%' border='1' class='invocation-skipped'>
<tr><td colspan='4' align='center'><b>SKIPPED CONFIGURATIONS</b></td></tr>
<tr><td><b>Test method</b></td>
<td width="30%"><b>Exception</b></td>
<td width="10%"><b>Time (seconds)</b></td>
<td><b>Instance</b></td>
</tr>
<tr>
<td title='com.nbcd.Test.TCHomePage.getBrowser()'><b>getBrowser</b><br>Test class: com.nbcd.Test.TCHomePage</td>
<td></td>
<td>0</td>
<td>com.nbcd.Test.TCHomePage@17c1bced</td></tr>
<tr>
<td title='com.nbcd.Test.TCShowHomePage_043VerifyTwitterTags.getBrowserType()'><b>getBrowserType</b><br>Test class: com.nbcd.Test.TCShowHomePage_043VerifyTwitterTags</td>
<td></td>
<td>0</td>
<td>com.nbcd.Test.TCShowHomePage_043VerifyTwitterTags@2d9d4f9d</td></tr>
<tr>
<td title='com.nbcd.Test.TCShowHomePage_043VerifyTwitterTags.getBrowser()'><b>getBrowser</b><br>Test class: com.nbcd.Test.TCShowHomePage_043VerifyTwitterTags</td>
<td></td>
<td>0</td>
<td>com.nbcd.Test.TCShowHomePage_043VerifyTwitterTags@2d9d4f9d</td></tr>
<tr>
<td title='com.nbcd.Test.TCShowInnerEpisode_seo.getBrowserType()'><b>getBrowserType</b><br>Test class: com.nbcd.Test.TCShowInnerEpisode_seo</td>
<td></td>
<td>0</td>
<td>com.nbcd.Test.TCShowInnerEpisode_seo@4034c28c</td></tr>
<tr>
<td title='com.nbcd.Test.TCShowInnerEpisode_seo.getBrowser()'><b>getBrowser</b><br>Test class: com.nbcd.Test.TCShowInnerEpisode_seo</td>
<td></td>
<td>0</td>
<td>com.nbcd.Test.TCShowInnerEpisode_seo@4034c28c</td></tr>
<tr>
<td title='com.nbcd.Test.TCShowInnerEpisode_ehsf.getBrowserType()'><b>getBrowserType</b><br>Test class: com.nbcd.Test.TCShowInnerEpisode_ehsf</td>
<td></td>
<td>0</td>
<td>com.nbcd.Test.TCShowInnerEpisode_ehsf@e50a6f6</td></tr>
<tr>
<td title='com.nbcd.Test.TCShowInnerEpisode_ehsf.getBrowser()'><b>getBrowser</b><br>Test class: com.nbcd.Test.TCShowInnerEpisode_ehsf</td>
<td></td>
<td>0</td>
<td>com.nbcd.Test.TCShowInnerEpisode_ehsf@e50a6f6</td></tr>
<tr>
<td title='com.nbcd.Test.TCHomePage.beforeMethod()'><b>beforeMethod</b><br>Test class: com.nbcd.Test.TCHomePage</td>
<td></td>
<td>0</td>
<td>com.nbcd.Test.TCHomePage@17c1bced</td></tr>
<tr>
<td title='com.nbcd.Test.TCShowHomePage_043VerifyTwitterTags.beforeMethod()'><b>beforeMethod</b><br>Test class: com.nbcd.Test.TCShowHomePage_043VerifyTwitterTags</td>
<td></td>
<td>0</td>
<td>com.nbcd.Test.TCShowHomePage_043VerifyTwitterTags@2d9d4f9d</td></tr>
<tr>
<td title='com.nbcd.Test.TCShowInnerEpisode_seo.beforeMethod()'><b>beforeMethod</b><br>Test class: com.nbcd.Test.TCShowInnerEpisode_seo</td>
<td></td>
<td>0</td>
<td>com.nbcd.Test.TCShowInnerEpisode_seo@4034c28c</td></tr>
<tr>
<td title='com.nbcd.Test.TCShowInnerEpisode_ehsf.beforeMethod()'><b>beforeMethod</b><br>Test class: com.nbcd.Test.TCShowInnerEpisode_ehsf</td>
<td></td>
<td>0</td>
<td>com.nbcd.Test.TCShowInnerEpisode_ehsf@e50a6f6</td></tr>
<tr>
<td title='com.nbcd.Test.TCHomePage.endReport()'><b>endReport</b><br>Test class: com.nbcd.Test.TCHomePage</td>
<td></td>
<td>0</td>
<td>com.nbcd.Test.TCHomePage@17c1bced</td></tr>
</table><p>
<table width='100%' border='1' class='invocation-skipped'>
<tr><td colspan='4' align='center'><b>SKIPPED TESTS</b></td></tr>
<tr><td><b>Test method</b></td>
<td width="30%"><b>Exception</b></td>
<td width="10%"><b>Time (seconds)</b></td>
<td><b>Instance</b></td>
</tr>
<tr>
<td title='com.nbcd.Test.TCHomePage.MenuDetails()'><b>MenuDetails</b><br>Test class: com.nbcd.Test.TCHomePage</td>
<td><div><pre>org.testng.TestNGException: 
Parameter &apos;browser&apos; is required by BeforeClass on method getBrowserType but has not been marked @Optional or defined
in C:\POC\NBCAutomation\testng.xml
	at java.util.concurrent.FutureTask.run(FutureTask.java:266)
	at java.util.concurrent.ThreadPoolExecutor.runWorker(ThreadPoolExecutor.java:1142)
	at java.util.concurrent.ThreadPoolExecutor$Worker.run(ThreadPoolExecutor.java:617)
	at java.lang.Thread.run(Thread.java:745)
... Removed 13 stack frames</pre></div><a href='#' onClick='toggleBox("stack-trace79913070", this, "Click to show all stack frames", "Click to hide stack frames")'>Click to show all stack frames</a>
<div class='stack-trace' id='stack-trace79913070'><pre>org.testng.TestNGException: 
Parameter &apos;browser&apos; is required by BeforeClass on method getBrowserType but has not been marked @Optional or defined
in C:\POC\NBCAutomation\testng.xml
	at org.testng.internal.Parameters.createParameters(Parameters.java:199)
	at org.testng.internal.Parameters.createParameters(Parameters.java:443)
	at org.testng.internal.Parameters.createConfigurationParameters(Parameters.java:118)
	at org.testng.internal.Invoker.invokeConfigurations(Invoker.java:206)
	at org.testng.internal.Invoker.invokeConfigurations(Invoker.java:146)
	at org.testng.internal.TestMethodWorker.invokeBeforeClassMethods(TestMethodWorker.java:166)
	at org.testng.internal.TestMethodWorker.run(TestMethodWorker.java:105)
	at org.testng.TestRunner.privateRun(TestRunner.java:744)
	at org.testng.TestRunner.run(TestRunner.java:602)
	at org.testng.SuiteRunner.runTest(SuiteRunner.java:380)
	at org.testng.SuiteRunner.access$000(SuiteRunner.java:39)
	at org.testng.SuiteRunner$SuiteWorker.run(SuiteRunner.java:414)
	at org.testng.internal.thread.ThreadUtil$1.call(ThreadUtil.java:52)
	at java.util.concurrent.FutureTask.run(FutureTask.java:266)
	at java.util.concurrent.ThreadPoolExecutor.runWorker(ThreadPoolExecutor.java:1142)
	at java.util.concurrent.ThreadPoolExecutor$Worker.run(ThreadPoolExecutor.java:617)
	at java.lang.Thread.run(Thread.java:745)
</pre></div></td>
<td>0</td>
<td>com.nbcd.Test.TCHomePage@17c1bced</td></tr>
<tr>
<td title='com.nbcd.Test.TCShowHomePage_043VerifyTwitterTags.TwitterTags()'><b>TwitterTags</b><br>Test class: com.nbcd.Test.TCShowHomePage_043VerifyTwitterTags</td>
<td><div><pre>org.testng.TestNGException: 
Parameter &apos;browser&apos; is required by BeforeClass on method getBrowserType but has not been marked @Optional or defined
in C:\POC\NBCAutomation\testng.xml
	at java.util.concurrent.FutureTask.run(FutureTask.java:266)
	at java.util.concurrent.ThreadPoolExecutor.runWorker(ThreadPoolExecutor.java:1142)
	at java.util.concurrent.ThreadPoolExecutor$Worker.run(ThreadPoolExecutor.java:617)
	at java.lang.Thread.run(Thread.java:745)
... Removed 13 stack frames</pre></div><a href='#' onClick='toggleBox("stack-trace1715400615", this, "Click to show all stack frames", "Click to hide stack frames")'>Click to show all stack frames</a>
<div class='stack-trace' id='stack-trace1715400615'><pre>org.testng.TestNGException: 
Parameter &apos;browser&apos; is required by BeforeClass on method getBrowserType but has not been marked @Optional or defined
in C:\POC\NBCAutomation\testng.xml
	at org.testng.internal.Parameters.createParameters(Parameters.java:199)
	at org.testng.internal.Parameters.createParameters(Parameters.java:443)
	at org.testng.internal.Parameters.createConfigurationParameters(Parameters.java:118)
	at org.testng.internal.Invoker.invokeConfigurations(Invoker.java:206)
	at org.testng.internal.Invoker.invokeConfigurations(Invoker.java:146)
	at org.testng.internal.TestMethodWorker.invokeBeforeClassMethods(TestMethodWorker.java:166)
	at org.testng.internal.TestMethodWorker.run(TestMethodWorker.java:105)
	at org.testng.TestRunner.privateRun(TestRunner.java:744)
	at org.testng.TestRunner.run(TestRunner.java:602)
	at org.testng.SuiteRunner.runTest(SuiteRunner.java:380)
	at org.testng.SuiteRunner.access$000(SuiteRunner.java:39)
	at org.testng.SuiteRunner$SuiteWorker.run(SuiteRunner.java:414)
	at org.testng.internal.thread.ThreadUtil$1.call(ThreadUtil.java:52)
	at java.util.concurrent.FutureTask.run(FutureTask.java:266)
	at java.util.concurrent.ThreadPoolExecutor.runWorker(ThreadPoolExecutor.java:1142)
	at java.util.concurrent.ThreadPoolExecutor$Worker.run(ThreadPoolExecutor.java:617)
	at java.lang.Thread.run(Thread.java:745)
</pre></div></td>
<td>0</td>
<td>com.nbcd.Test.TCShowHomePage_043VerifyTwitterTags@2d9d4f9d</td></tr>
<tr>
<td title='com.nbcd.Test.TCShowInnerEpisode_ehsf.ehsf()'><b>ehsf</b><br>Test class: com.nbcd.Test.TCShowInnerEpisode_ehsf</td>
<td><div><pre>org.testng.TestNGException: 
Parameter &apos;browser&apos; is required by BeforeClass on method getBrowserType but has not been marked @Optional or defined
in C:\POC\NBCAutomation\testng.xml
	at java.util.concurrent.FutureTask.run(FutureTask.java:266)
	at java.util.concurrent.ThreadPoolExecutor.runWorker(ThreadPoolExecutor.java:1142)
	at java.util.concurrent.ThreadPoolExecutor$Worker.run(ThreadPoolExecutor.java:617)
	at java.lang.Thread.run(Thread.java:745)
... Removed 13 stack frames</pre></div><a href='#' onClick='toggleBox("stack-trace1710274600", this, "Click to show all stack frames", "Click to hide stack frames")'>Click to show all stack frames</a>
<div class='stack-trace' id='stack-trace1710274600'><pre>org.testng.TestNGException: 
Parameter &apos;browser&apos; is required by BeforeClass on method getBrowserType but has not been marked @Optional or defined
in C:\POC\NBCAutomation\testng.xml
	at org.testng.internal.Parameters.createParameters(Parameters.java:199)
	at org.testng.internal.Parameters.createParameters(Parameters.java:443)
	at org.testng.internal.Parameters.createConfigurationParameters(Parameters.java:118)
	at org.testng.internal.Invoker.invokeConfigurations(Invoker.java:206)
	at org.testng.internal.Invoker.invokeConfigurations(Invoker.java:146)
	at org.testng.internal.TestMethodWorker.invokeBeforeClassMethods(TestMethodWorker.java:166)
	at org.testng.internal.TestMethodWorker.run(TestMethodWorker.java:105)
	at org.testng.TestRunner.privateRun(TestRunner.java:744)
	at org.testng.TestRunner.run(TestRunner.java:602)
	at org.testng.SuiteRunner.runTest(SuiteRunner.java:380)
	at org.testng.SuiteRunner.access$000(SuiteRunner.java:39)
	at org.testng.SuiteRunner$SuiteWorker.run(SuiteRunner.java:414)
	at org.testng.internal.thread.ThreadUtil$1.call(ThreadUtil.java:52)
	at java.util.concurrent.FutureTask.run(FutureTask.java:266)
	at java.util.concurrent.ThreadPoolExecutor.runWorker(ThreadPoolExecutor.java:1142)
	at java.util.concurrent.ThreadPoolExecutor$Worker.run(ThreadPoolExecutor.java:617)
	at java.lang.Thread.run(Thread.java:745)
</pre></div></td>
<td>0</td>
<td>com.nbcd.Test.TCShowInnerEpisode_ehsf@e50a6f6</td></tr>
<tr>
<td title='com.nbcd.Test.TCShowInnerEpisode_seo.seo()'><b>seo</b><br>Test class: com.nbcd.Test.TCShowInnerEpisode_seo</td>
<td><div><pre>org.testng.TestNGException: 
Parameter &apos;browser&apos; is required by BeforeClass on method getBrowserType but has not been marked @Optional or defined
in C:\POC\NBCAutomation\testng.xml
	at java.util.concurrent.FutureTask.run(FutureTask.java:266)
	at java.util.concurrent.ThreadPoolExecutor.runWorker(ThreadPoolExecutor.java:1142)
	at java.util.concurrent.ThreadPoolExecutor$Worker.run(ThreadPoolExecutor.java:617)
	at java.lang.Thread.run(Thread.java:745)
... Removed 13 stack frames</pre></div><a href='#' onClick='toggleBox("stack-trace1716800818", this, "Click to show all stack frames", "Click to hide stack frames")'>Click to show all stack frames</a>
<div class='stack-trace' id='stack-trace1716800818'><pre>org.testng.TestNGException: 
Parameter &apos;browser&apos; is required by BeforeClass on method getBrowserType but has not been marked @Optional or defined
in C:\POC\NBCAutomation\testng.xml
	at org.testng.internal.Parameters.createParameters(Parameters.java:199)
	at org.testng.internal.Parameters.createParameters(Parameters.java:443)
	at org.testng.internal.Parameters.createConfigurationParameters(Parameters.java:118)
	at org.testng.internal.Invoker.invokeConfigurations(Invoker.java:206)
	at org.testng.internal.Invoker.invokeConfigurations(Invoker.java:146)
	at org.testng.internal.TestMethodWorker.invokeBeforeClassMethods(TestMethodWorker.java:166)
	at org.testng.internal.TestMethodWorker.run(TestMethodWorker.java:105)
	at org.testng.TestRunner.privateRun(TestRunner.java:744)
	at org.testng.TestRunner.run(TestRunner.java:602)
	at org.testng.SuiteRunner.runTest(SuiteRunner.java:380)
	at org.testng.SuiteRunner.access$000(SuiteRunner.java:39)
	at org.testng.SuiteRunner$SuiteWorker.run(SuiteRunner.java:414)
	at org.testng.internal.thread.ThreadUtil$1.call(ThreadUtil.java:52)
	at java.util.concurrent.FutureTask.run(FutureTask.java:266)
	at java.util.concurrent.ThreadPoolExecutor.runWorker(ThreadPoolExecutor.java:1142)
	at java.util.concurrent.ThreadPoolExecutor$Worker.run(ThreadPoolExecutor.java:617)
	at java.lang.Thread.run(Thread.java:745)
</pre></div></td>
<td>0</td>
<td>com.nbcd.Test.TCShowInnerEpisode_seo@4034c28c</td></tr>
</table><p>
</body>
</html>