<?xml version="1.0" encoding="UTF-8"?>
<!-- Generated by org.testng.reporters.JUnitXMLReporter -->
<testsuite hostname="LTUS43208" ignored="0" name="Test" tests="1" failures="1" timestamp="19 Apr 2018 06:41:13 GMT" time="0.049" errors="0">
  <testcase name="tRun" time="0.0" classname="com.nbcd.TestRunner.TestRunner">
    <failure type="org.testng.TestNGException" message="
Parameter &amp;apos;aut&amp;apos; is required by @Test on method tRun but has not been marked @Optional or defined
in C:\_Automation\_Mobile\nbc-qa-automation\testng.xml">
      <![CDATA[org.testng.TestNGException: 
Parameter 'aut' is required by @Test on method tRun but has not been marked @Optional or defined
in C:\_Automation\_Mobile\nbc-qa-automation\testng.xml
... Removed 23 stack frames]]>
    </failure>
  </testcase> <!-- tRun -->
</testsuite> <!-- Test -->
